ERROR 2020-07-11 19:34:50,496 exception 135 Internal Server Error: /
Traceback (most recent call last):
  File "C:\Users\sweet\AppData\Roaming\Python\Python36\site-packages\django\core\cache\__init__.py", line 51, in _create_cache
    backend_cls = import_string(backend)
  File "C:\Users\sweet\AppData\Roaming\Python\Python36\site-packages\django\utils\module_loading.py", line 20, in import_string
    module = import_module(module_path)
  File "D:\python3.6\lib\importlib\__init__.py", line 126, in import_module
    return _bootstrap._gcd_import(name[level:], package, level)
  File "<frozen importlib._bootstrap>", line 994, in _gcd_import
  File "<frozen importlib._bootstrap>", line 971, in _find_and_load
  File "<frozen importlib._bootstrap>", line 941, in _find_and_load_unlocked
  File "<frozen importlib._bootstrap>", line 219, in _call_with_frames_removed
  File "<frozen importlib._bootstrap>", line 994, in _gcd_import
  File "<frozen importlib._bootstrap>", line 971, in _find_and_load
  File "<frozen importlib._bootstrap>", line 953, in _find_and_load_unlocked
ModuleNotFoundError: No module named 'django_redis'

During handling of the above exception, another exception occurred:

Traceback (most recent call last):
  File "C:\Users\sweet\AppData\Roaming\Python\Python36\site-packages\django\core\handlers\exception.py", line 41, in inner
    response = get_response(request)
  File "C:\Users\sweet\AppData\Roaming\Python\Python36\site-packages\django\utils\deprecation.py", line 138, in __call__
    response = self.process_request(request)
  File "C:\Users\sweet\AppData\Roaming\Python\Python36\site-packages\django\contrib\sessions\middleware.py", line 20, in process_request
    request.session = self.SessionStore(session_key)
  File "C:\Users\sweet\AppData\Roaming\Python\Python36\site-packages\django\contrib\sessions\backends\cache.py", line 18, in __init__
    self._cache = caches[settings.SESSION_CACHE_ALIAS]
  File "C:\Users\sweet\AppData\Roaming\Python\Python36\site-packages\django\core\cache\__init__.py", line 80, in __getitem__
    cache = _create_cache(alias)
  File "C:\Users\sweet\AppData\Roaming\Python\Python36\site-packages\django\core\cache\__init__.py", line 54, in _create_cache
    "Could not find backend '%s': %s" % (backend, e))
django.core.cache.backends.base.InvalidCacheBackendError: Could not find backend 'django_redis.cache.RedisCache': No module named 'django_redis'
ERROR 2020-07-11 19:34:50,604 basehttp 124 "GET / HTTP/1.1" 500 87994
INFO 2020-07-11 19:35:29,141 basehttp 124 "GET / HTTP/1.1" 200 1716
INFO 2020-07-11 19:35:30,092 basehttp 124 "GET / HTTP/1.1" 200 1716
INFO 2020-07-11 19:37:42,479 basehttp 124 "GET / HTTP/1.1" 200 1716
WARNING 2020-07-11 19:46:38,107 base 152 Not Found: /
WARNING 2020-07-11 19:46:38,108 basehttp 124 "GET / HTTP/1.1" 404 2075
INFO 2020-07-11 19:46:43,724 basehttp 124 "GET /register HTTP/1.1" 301 0
ERROR 2020-07-11 19:46:43,731 exception 135 Internal Server Error: /register/
Traceback (most recent call last):
  File "C:\Users\sweet\AppData\Roaming\Python\Python36\site-packages\django\core\handlers\exception.py", line 41, in inner
    response = get_response(request)
  File "C:\Users\sweet\AppData\Roaming\Python\Python36\site-packages\django\core\handlers\base.py", line 187, in _get_response
    response = self.process_exception_by_middleware(e, request)
  File "C:\Users\sweet\AppData\Roaming\Python\Python36\site-packages\django\core\handlers\base.py", line 185, in _get_response
    response = wrapped_callback(request, *callback_args, **callback_kwargs)
  File "C:\Users\sweet\AppData\Roaming\Python\Python36\site-packages\django\views\generic\base.py", line 68, in view
    return self.dispatch(request, *args, **kwargs)
  File "C:\Users\sweet\AppData\Roaming\Python\Python36\site-packages\django\views\generic\base.py", line 88, in dispatch
    return handler(request, *args, **kwargs)
  File "D:\d\meiduo_mall\meiduo_mall\apps\user\views.py", line 9, in get
    return render(request,'register.html')
  File "C:\Users\sweet\AppData\Roaming\Python\Python36\site-packages\django\shortcuts.py", line 30, in render
    content = loader.render_to_string(template_name, context, request, using=using)
  File "C:\Users\sweet\AppData\Roaming\Python\Python36\site-packages\django\template\loader.py", line 67, in render_to_string
    template = get_template(template_name, using=using)
  File "C:\Users\sweet\AppData\Roaming\Python\Python36\site-packages\django\template\loader.py", line 25, in get_template
    raise TemplateDoesNotExist(template_name, chain=chain)
django.template.exceptions.TemplateDoesNotExist: register.html
ERROR 2020-07-11 19:46:43,771 basehttp 124 "GET /register/ HTTP/1.1" 500 91465
ERROR 2020-07-11 19:52:44,605 exception 135 Internal Server Error: /register/
Traceback (most recent call last):
  File "C:\Users\sweet\AppData\Roaming\Python\Python36\site-packages\django\core\handlers\exception.py", line 41, in inner
    response = get_response(request)
  File "C:\Users\sweet\AppData\Roaming\Python\Python36\site-packages\django\core\handlers\base.py", line 187, in _get_response
    response = self.process_exception_by_middleware(e, request)
  File "C:\Users\sweet\AppData\Roaming\Python\Python36\site-packages\django\core\handlers\base.py", line 185, in _get_response
    response = wrapped_callback(request, *callback_args, **callback_kwargs)
  File "C:\Users\sweet\AppData\Roaming\Python\Python36\site-packages\django\views\generic\base.py", line 68, in view
    return self.dispatch(request, *args, **kwargs)
  File "C:\Users\sweet\AppData\Roaming\Python\Python36\site-packages\django\views\generic\base.py", line 88, in dispatch
    return handler(request, *args, **kwargs)
  File "D:\d\meiduo_mall\meiduo_mall\apps\user\views.py", line 9, in get
    return render(request,'register.html')
  File "C:\Users\sweet\AppData\Roaming\Python\Python36\site-packages\django\shortcuts.py", line 30, in render
    content = loader.render_to_string(template_name, context, request, using=using)
  File "C:\Users\sweet\AppData\Roaming\Python\Python36\site-packages\django\template\loader.py", line 67, in render_to_string
    template = get_template(template_name, using=using)
  File "C:\Users\sweet\AppData\Roaming\Python\Python36\site-packages\django\template\loader.py", line 25, in get_template
    raise TemplateDoesNotExist(template_name, chain=chain)
django.template.exceptions.TemplateDoesNotExist: register.html
ERROR 2020-07-11 19:52:44,643 basehttp 124 "GET /register/ HTTP/1.1" 500 91600
ERROR 2020-07-11 20:00:38,944 exception 135 Internal Server Error: /register/
Traceback (most recent call last):
  File "C:\Users\sweet\AppData\Roaming\Python\Python36\site-packages\django\core\handlers\exception.py", line 41, in inner
    response = get_response(request)
  File "C:\Users\sweet\AppData\Roaming\Python\Python36\site-packages\django\core\handlers\base.py", line 187, in _get_response
    response = self.process_exception_by_middleware(e, request)
  File "C:\Users\sweet\AppData\Roaming\Python\Python36\site-packages\django\core\handlers\base.py", line 185, in _get_response
    response = wrapped_callback(request, *callback_args, **callback_kwargs)
  File "C:\Users\sweet\AppData\Roaming\Python\Python36\site-packages\django\views\generic\base.py", line 68, in view
    return self.dispatch(request, *args, **kwargs)
  File "C:\Users\sweet\AppData\Roaming\Python\Python36\site-packages\django\views\generic\base.py", line 88, in dispatch
    return handler(request, *args, **kwargs)
  File "D:\d\meiduo_mall\meiduo_mall\apps\user\views.py", line 9, in get
    return render(request,'register.html')
  File "C:\Users\sweet\AppData\Roaming\Python\Python36\site-packages\django\shortcuts.py", line 30, in render
    content = loader.render_to_string(template_name, context, request, using=using)
  File "C:\Users\sweet\AppData\Roaming\Python\Python36\site-packages\django\template\loader.py", line 67, in render_to_string
    template = get_template(template_name, using=using)
  File "C:\Users\sweet\AppData\Roaming\Python\Python36\site-packages\django\template\loader.py", line 25, in get_template
    raise TemplateDoesNotExist(template_name, chain=chain)
django.template.exceptions.TemplateDoesNotExist: register.html
ERROR 2020-07-11 20:00:38,979 basehttp 124 "GET /register/ HTTP/1.1" 500 91599
ERROR 2020-07-11 20:00:40,807 exception 135 Internal Server Error: /register/
Traceback (most recent call last):
  File "C:\Users\sweet\AppData\Roaming\Python\Python36\site-packages\django\core\handlers\exception.py", line 41, in inner
    response = get_response(request)
  File "C:\Users\sweet\AppData\Roaming\Python\Python36\site-packages\django\core\handlers\base.py", line 187, in _get_response
    response = self.process_exception_by_middleware(e, request)
  File "C:\Users\sweet\AppData\Roaming\Python\Python36\site-packages\django\core\handlers\base.py", line 185, in _get_response
    response = wrapped_callback(request, *callback_args, **callback_kwargs)
  File "C:\Users\sweet\AppData\Roaming\Python\Python36\site-packages\django\views\generic\base.py", line 68, in view
    return self.dispatch(request, *args, **kwargs)
  File "C:\Users\sweet\AppData\Roaming\Python\Python36\site-packages\django\views\generic\base.py", line 88, in dispatch
    return handler(request, *args, **kwargs)
  File "D:\d\meiduo_mall\meiduo_mall\apps\user\views.py", line 9, in get
    return render(request,'register.html')
  File "C:\Users\sweet\AppData\Roaming\Python\Python36\site-packages\django\shortcuts.py", line 30, in render
    content = loader.render_to_string(template_name, context, request, using=using)
  File "C:\Users\sweet\AppData\Roaming\Python\Python36\site-packages\django\template\loader.py", line 67, in render_to_string
    template = get_template(template_name, using=using)
  File "C:\Users\sweet\AppData\Roaming\Python\Python36\site-packages\django\template\loader.py", line 25, in get_template
    raise TemplateDoesNotExist(template_name, chain=chain)
django.template.exceptions.TemplateDoesNotExist: register.html
ERROR 2020-07-11 20:00:40,841 basehttp 124 "GET /register/ HTTP/1.1" 500 91599
INFO 2020-07-11 20:06:07,657 basehttp 124 "GET /register/ HTTP/1.1" 200 4597
INFO 2020-07-11 20:06:07,675 basehttp 124 "GET /static/js/host.js HTTP/1.1" 200 80
INFO 2020-07-11 20:06:07,675 basehttp 124 "GET /static/css/reset.css HTTP/1.1" 200 638
INFO 2020-07-11 20:06:07,680 basehttp 124 "GET /static/js/axios-0.18.0.min.js HTTP/1.1" 200 12941
INFO 2020-07-11 20:06:07,681 basehttp 124 "GET /static/js/register.js HTTP/1.1" 200 19365
INFO 2020-07-11 20:06:07,682 basehttp 124 "GET /static/images/logo.png HTTP/1.1" 200 7450
INFO 2020-07-11 20:06:07,684 basehttp 124 "GET /static/css/main.css HTTP/1.1" 200 39722
INFO 2020-07-11 20:06:07,686 basehttp 124 "GET /static/js/vue-2.5.16.js HTTP/1.1" 200 289307
INFO 2020-07-11 20:06:07,729 basehttp 124 "GET /static/images/interval_line.png HTTP/1.1" 200 1123
INFO 2020-07-11 20:06:07,817 basehttp 124 "GET /static/images/icons02.png HTTP/1.1" 200 3935
INFO 2020-07-11 20:06:07,817 basehttp 124 "GET /static/images/register_banner.png HTTP/1.1" 200 54894
INFO 2020-07-11 20:08:23,529 basehttp 124 "GET /register/ HTTP/1.1" 200 4597
INFO 2020-07-11 20:08:23,539 basehttp 124 "GET /static/js/host.js HTTP/1.1" 304 0
INFO 2020-07-11 20:08:23,540 basehttp 124 "GET /static/css/main.css HTTP/1.1" 304 0
INFO 2020-07-11 20:08:23,542 basehttp 124 "GET /static/images/logo.png HTTP/1.1" 304 0
INFO 2020-07-11 20:08:23,543 basehttp 124 "GET /static/js/axios-0.18.0.min.js HTTP/1.1" 304 0
INFO 2020-07-11 20:08:23,543 basehttp 124 "GET /static/css/reset.css HTTP/1.1" 304 0
INFO 2020-07-11 20:08:23,543 basehttp 124 "GET /static/js/vue-2.5.16.js HTTP/1.1" 304 0
INFO 2020-07-11 20:08:23,546 basehttp 124 "GET /static/js/register.js HTTP/1.1" 304 0
INFO 2020-07-11 20:08:23,566 basehttp 124 "GET /static/images/interval_line.png HTTP/1.1" 304 0
INFO 2020-07-11 20:08:23,594 basehttp 124 "GET /static/images/icons02.png HTTP/1.1" 304 0
INFO 2020-07-11 20:08:23,596 basehttp 124 "GET /static/images/register_banner.png HTTP/1.1" 304 0
INFO 2020-07-11 20:08:30,274 basehttp 124 "GET /register/ HTTP/1.1" 200 4597
INFO 2020-07-11 20:08:30,320 basehttp 124 "GET /static/css/reset.css HTTP/1.1" 200 638
INFO 2020-07-11 20:08:30,335 basehttp 124 "GET /static/images/logo.png HTTP/1.1" 200 7450
INFO 2020-07-11 20:08:30,336 basehttp 124 "GET /static/js/host.js HTTP/1.1" 200 80
INFO 2020-07-11 20:08:30,336 basehttp 124 "GET /static/js/axios-0.18.0.min.js HTTP/1.1" 200 12941
INFO 2020-07-11 20:08:30,337 basehttp 124 "GET /static/css/main.css HTTP/1.1" 200 39722
INFO 2020-07-11 20:08:30,338 basehttp 124 "GET /static/js/register.js HTTP/1.1" 200 19365
INFO 2020-07-11 20:08:30,339 basehttp 124 "GET /static/js/vue-2.5.16.js HTTP/1.1" 200 289307
INFO 2020-07-11 20:08:30,366 basehttp 124 "GET /static/images/interval_line.png HTTP/1.1" 200 1123
INFO 2020-07-11 20:08:30,367 basehttp 124 "GET /static/images/icons02.png HTTP/1.1" 200 3935
INFO 2020-07-11 20:08:30,368 basehttp 124 "GET /static/images/register_banner.png HTTP/1.1" 200 54894
WARNING 2020-07-11 20:13:35,308 basehttp 124 "GET /static/js/axios.min.map HTTP/1.1" 404 1661
INFO 2020-07-11 20:13:37,261 basehttp 124 "GET /register/ HTTP/1.1" 200 4597
WARNING 2020-07-11 20:13:37,365 basehttp 124 "GET /static/js/axios.min.map HTTP/1.1" 404 1661
WARNING 2020-07-12 00:19:13,310 basehttp 124 "GET /static/js/axios.min.map HTTP/1.1" 404 1661
INFO 2020-07-12 00:19:20,033 basehttp 124 "GET /register/ HTTP/1.1" 200 4597
WARNING 2020-07-12 00:19:20,104 basehttp 124 "GET /static/js/axios.min.map HTTP/1.1" 404 1661
INFO 2020-07-12 00:26:52,300 basehttp 124 "GET /register/ HTTP/1.1" 200 4597
WARNING 2020-07-12 00:26:52,364 basehttp 124 "GET /static/js/axios.min.map HTTP/1.1" 404 1661
INFO 2020-07-12 00:27:36,964 basehttp 124 "GET /static/css/main.css HTTP/1.1" 200 39722
INFO 2020-07-12 00:27:36,965 basehttp 124 "GET /static/css/reset.css HTTP/1.1" 200 638
INFO 2020-07-12 00:27:36,978 basehttp 124 "GET /static/css/reset.css HTTP/1.1" 200 638
INFO 2020-07-12 00:27:36,979 basehttp 124 "GET /static/css/main.css HTTP/1.1" 200 39722
WARNING 2020-07-12 00:27:37,101 basehttp 124 "GET /static/js/axios.min.map HTTP/1.1" 404 1661
WARNING 2020-07-12 00:27:37,101 basehttp 124 "GET /static/js/axios.min.map HTTP/1.1" 404 1661
INFO 2020-07-12 00:27:41,344 basehttp 124 "GET /register/ HTTP/1.1" 200 4597
INFO 2020-07-12 00:27:41,354 basehttp 124 "GET /static/css/main.css HTTP/1.1" 304 0
INFO 2020-07-12 00:27:41,368 basehttp 124 "GET /static/images/logo.png HTTP/1.1" 200 7450
INFO 2020-07-12 00:27:41,372 basehttp 124 "GET /static/js/register.js HTTP/1.1" 200 19365
INFO 2020-07-12 00:27:41,376 basehttp 124 "GET /static/css/reset.css HTTP/1.1" 304 0
INFO 2020-07-12 00:27:41,376 basehttp 124 "GET /static/js/host.js HTTP/1.1" 200 80
INFO 2020-07-12 00:27:41,378 basehttp 124 "GET /static/js/axios-0.18.0.min.js HTTP/1.1" 200 12941
INFO 2020-07-12 00:27:41,380 basehttp 124 "GET /static/js/vue-2.5.16.js HTTP/1.1" 200 289307
INFO 2020-07-12 00:27:41,428 basehttp 124 "GET /static/images/interval_line.png HTTP/1.1" 200 1123
WARNING 2020-07-12 00:27:41,472 base 152 Not Found: /image_codes/a5590302-743c-4b24-aacf-704750c6f95f/
WARNING 2020-07-12 00:27:41,483 basehttp 124 "GET /image_codes/a5590302-743c-4b24-aacf-704750c6f95f/ HTTP/1.1" 404 2702
WARNING 2020-07-12 00:27:41,486 basehttp 124 "GET /static/js/axios.min.map HTTP/1.1" 404 1661
WARNING 2020-07-12 00:27:41,489 basehttp 124 "GET /static/js/axios.min.map HTTP/1.1" 404 1661
INFO 2020-07-12 00:27:41,491 basehttp 124 "GET /static/images/icons02.png HTTP/1.1" 200 3935
INFO 2020-07-12 00:27:41,492 basehttp 124 "GET /static/images/register_banner.png HTTP/1.1" 200 54894
WARNING 2020-07-12 00:28:06,779 base 152 Not Found: /usernames/nihaoss22/count/
WARNING 2020-07-12 00:28:06,780 basehttp 124 "GET /usernames/nihaoss22/count/ HTTP/1.1" 404 2633
INFO 2020-07-12 00:29:50,083 basehttp 124 "GET /register/ HTTP/1.1" 200 4597
INFO 2020-07-12 00:29:50,136 basehttp 124 "GET /static/css/reset.css HTTP/1.1" 200 638
INFO 2020-07-12 00:29:50,137 basehttp 124 "GET /static/js/host.js HTTP/1.1" 200 80
INFO 2020-07-12 00:29:50,138 basehttp 124 "GET /static/css/main.css HTTP/1.1" 200 39722
INFO 2020-07-12 00:29:50,138 basehttp 124 "GET /static/js/axios-0.18.0.min.js HTTP/1.1" 200 12941
INFO 2020-07-12 00:29:50,140 basehttp 124 "GET /static/js/vue-2.5.16.js HTTP/1.1" 200 289307
INFO 2020-07-12 00:29:50,163 basehttp 124 "GET /static/images/logo.png HTTP/1.1" 200 7450
INFO 2020-07-12 00:29:50,164 basehttp 124 "GET /static/js/register.js HTTP/1.1" 200 19365
INFO 2020-07-12 00:29:50,189 basehttp 124 "GET /static/images/interval_line.png HTTP/1.1" 200 1123
INFO 2020-07-12 00:29:50,191 basehttp 124 "GET /static/images/icons02.png HTTP/1.1" 200 3935
INFO 2020-07-12 00:29:50,191 basehttp 124 "GET /static/images/register_banner.png HTTP/1.1" 200 54894
WARNING 2020-07-12 00:29:50,221 basehttp 124 "GET /static/js/axios.min.map HTTP/1.1" 404 1661
WARNING 2020-07-12 00:29:50,240 base 152 Not Found: /image_codes/383f4420-b907-4c70-a8fa-c49702eb9af8/
WARNING 2020-07-12 00:29:50,242 basehttp 124 "GET /image_codes/383f4420-b907-4c70-a8fa-c49702eb9af8/ HTTP/1.1" 404 2702
INFO 2020-07-12 00:29:54,014 basehttp 124 "GET /mobiles/13476835321/count/ HTTP/1.1" 200 41
INFO 2020-07-12 01:03:01,319 basehttp 124 "GET /register/ HTTP/1.1" 200 4597
INFO 2020-07-12 01:03:01,351 basehttp 124 "GET /static/js/host.js HTTP/1.1" 304 0
WARNING 2020-07-12 01:03:01,397 basehttp 124 "GET /static/js/axios.min.map HTTP/1.1" 404 1661
INFO 2020-07-12 01:03:01,440 basehttp 124 "GET /image_codes/6f0cdbb9-1c23-4a56-9b11-73afffc96241/ HTTP/1.1" 200 3249
INFO 2020-07-12 01:03:10,770 basehttp 124 "GET /register/ HTTP/1.1" 200 4597
INFO 2020-07-12 01:03:10,855 basehttp 124 "GET /image_codes/7c160281-8808-4531-8f3b-3d466fd85cc0/ HTTP/1.1" 200 3025
INFO 2020-07-12 01:03:11,468 basehttp 124 "GET /register/ HTTP/1.1" 200 4597
INFO 2020-07-12 01:03:11,523 basehttp 124 "GET /image_codes/dfc4e542-2872-452f-b3b5-7d4b0b1e67db/ HTTP/1.1" 200 2999
INFO 2020-07-12 01:05:50,851 basehttp 124 "GET /register/ HTTP/1.1" 200 4626
INFO 2020-07-12 01:05:50,911 basehttp 124 "GET /image_codes/38a014a4-e875-4a5d-b57f-157c61fa0d1e/ HTTP/1.1" 200 3225
INFO 2020-07-12 01:05:51,657 basehttp 124 "GET /image_codes/64b78392-92a3-4492-93e5-f6ec1ceeeb0d/ HTTP/1.1" 200 3338
INFO 2020-07-12 01:05:52,110 basehttp 124 "GET /image_codes/29d2ad9e-964b-4a05-be3b-c5dc69ef1666/ HTTP/1.1" 200 3372
INFO 2020-07-12 01:05:52,271 basehttp 124 "GET /image_codes/957cb1fb-e0b3-424a-8692-41f519f93960/ HTTP/1.1" 200 3069
INFO 2020-07-12 01:05:52,422 basehttp 124 "GET /image_codes/b236c51a-1dbd-41f0-b0d4-671e30e800c0/ HTTP/1.1" 200 3381
INFO 2020-07-12 01:05:52,565 basehttp 124 "GET /image_codes/5426e39d-efcf-4eb4-acb9-933efcfa0870/ HTTP/1.1" 200 3204
INFO 2020-07-12 01:05:52,706 basehttp 124 "GET /image_codes/9b5eafb4-c1e3-4e57-9bac-1569de1ae4dc/ HTTP/1.1" 200 3138
INFO 2020-07-12 01:05:52,879 basehttp 124 "GET /image_codes/6d8fb83f-f10e-4bfd-8451-45e0f217bdc0/ HTTP/1.1" 200 3623
INFO 2020-07-12 01:05:53,170 basehttp 124 "GET /image_codes/e1e36169-edb1-4b32-9e56-8e53fb696ca6/ HTTP/1.1" 200 2723
INFO 2020-07-12 01:05:53,325 basehttp 124 "GET /image_codes/5d9f6900-b5e7-4b0a-854d-2201ba26e601/ HTTP/1.1" 200 3384
INFO 2020-07-12 01:05:53,475 basehttp 124 "GET /image_codes/447a018c-466c-4698-870a-d0be651aa253/ HTTP/1.1" 200 3192
INFO 2020-07-12 01:05:53,645 basehttp 124 "GET /image_codes/dfb2b4f7-8bc0-41ca-9257-c4f46b5feb5d/ HTTP/1.1" 200 2936
WARNING 2020-07-12 13:37:47,364 base 152 Not Found: /
WARNING 2020-07-12 13:37:47,367 basehttp 124 "GET / HTTP/1.1" 404 2912
INFO 2020-07-12 13:37:52,507 basehttp 124 "GET /register/ HTTP/1.1" 200 4626
INFO 2020-07-12 13:37:52,514 basehttp 124 "GET /static/images/logo.png HTTP/1.1" 200 7450
INFO 2020-07-12 13:37:52,517 basehttp 124 "GET /static/js/host.js HTTP/1.1" 304 0
INFO 2020-07-12 13:37:52,596 basehttp 124 "GET /static/images/interval_line.png HTTP/1.1" 200 1123
INFO 2020-07-12 13:37:52,597 basehttp 124 "GET /static/images/register_banner.png HTTP/1.1" 200 54894
INFO 2020-07-12 13:37:52,597 basehttp 124 "GET /static/images/icons02.png HTTP/1.1" 200 3935
INFO 2020-07-12 13:37:52,598 basehttp 124 "GET /image_codes/5c0238f0-ede9-48ac-992c-4055b8f986e7/ HTTP/1.1" 200 3190
WARNING 2020-07-12 13:38:09,262 base 152 Not Found: /usernames/wangdachui/count/
WARNING 2020-07-12 13:38:09,263 basehttp 124 "GET /usernames/wangdachui/count/ HTTP/1.1" 404 3011
INFO 2020-07-12 13:38:23,573 basehttp 124 "GET /mobiles/13485521561/count/ HTTP/1.1" 200 41
INFO 2020-07-12 13:38:27,496 basehttp 124 "GET /image_codes/37496891-7376-4c72-a057-b6800cc31fe5/ HTTP/1.1" 200 3199
INFO 2020-07-12 13:38:28,732 basehttp 124 "GET /image_codes/87690260-8805-42c6-bade-92335e8aa7dd/ HTTP/1.1" 200 2901
INFO 2020-07-12 13:38:42,086 basehttp 124 "GET /sms_codes/13485521561/?image_code=JQLP&image_code_id=87690260-8805-42c6-bade-92335e8aa7dd HTTP/1.1" 200 29
INFO 2020-07-12 13:38:42,089 basehttp 124 "GET /mobiles/13485521561/count/ HTTP/1.1" 200 41
WARNING 2020-07-12 13:38:54,910 base 152 Not Found: /usernames/wangdachui/count/
WARNING 2020-07-12 13:38:54,912 csrf 160 Forbidden (CSRF cookie not set.): /register/
WARNING 2020-07-12 13:38:54,913 basehttp 124 "GET /usernames/wangdachui/count/ HTTP/1.1" 404 3011
INFO 2020-07-12 13:38:54,917 basehttp 124 "GET /mobiles/13485521561/count/ HTTP/1.1" 200 41
WARNING 2020-07-12 13:38:54,920 basehttp 124 "POST /register/ HTTP/1.1" 403 2857
INFO 2020-07-12 13:41:41,519 basehttp 124 "GET /register/ HTTP/1.1" 200 4626
INFO 2020-07-12 13:41:41,582 basehttp 124 "GET /image_codes/8cc38ae7-73cd-42f2-90b6-bdd9f4ba30a1/ HTTP/1.1" 200 3477
WARNING 2020-07-12 13:41:44,939 base 152 Not Found: /usernames/wangdachui/count/
WARNING 2020-07-12 13:41:44,939 basehttp 124 "GET /usernames/wangdachui/count/ HTTP/1.1" 404 3011
INFO 2020-07-12 13:41:51,201 basehttp 124 "GET /mobiles/13476835321/count/ HTTP/1.1" 200 41
INFO 2020-07-12 13:41:56,743 basehttp 124 "GET /sms_codes/13476835321/?image_code=DAPZ&image_code_id=8cc38ae7-73cd-42f2-90b6-bdd9f4ba30a1 HTTP/1.1" 200 29
INFO 2020-07-12 13:41:56,745 basehttp 124 "GET /mobiles/13476835321/count/ HTTP/1.1" 200 41
WARNING 2020-07-12 13:42:05,721 base 152 Not Found: /usernames/wangdachui/count/
WARNING 2020-07-12 13:42:05,727 basehttp 124 "GET /usernames/wangdachui/count/ HTTP/1.1" 404 3011
INFO 2020-07-12 13:42:05,732 basehttp 124 "GET /mobiles/13476835321/count/ HTTP/1.1" 200 41
ERROR 2020-07-12 13:42:05,733 exception 135 Internal Server Error: /register/
Traceback (most recent call last):
  File "C:\Users\sweet\AppData\Roaming\Python\Python36\site-packages\django\core\handlers\exception.py", line 41, in inner
    response = get_response(request)
  File "C:\Users\sweet\AppData\Roaming\Python\Python36\site-packages\django\core\handlers\base.py", line 187, in _get_response
    response = self.process_exception_by_middleware(e, request)
  File "C:\Users\sweet\AppData\Roaming\Python\Python36\site-packages\django\core\handlers\base.py", line 185, in _get_response
    response = wrapped_callback(request, *callback_args, **callback_kwargs)
  File "C:\Users\sweet\AppData\Roaming\Python\Python36\site-packages\django\views\generic\base.py", line 68, in view
    return self.dispatch(request, *args, **kwargs)
  File "C:\Users\sweet\AppData\Roaming\Python\Python36\site-packages\django\views\generic\base.py", line 88, in dispatch
    return handler(request, *args, **kwargs)
  File "D:\d\meiduo_mall\meiduo_mall\apps\users\views.py", line 31, in post
    if not re.match('^[\d]${6,15}', password):
  File "D:\python3.6\lib\re.py", line 172, in match
    return _compile(pattern, flags).match(string)
  File "D:\python3.6\lib\re.py", line 301, in _compile
    p = sre_compile.compile(pattern, flags)
  File "D:\python3.6\lib\sre_compile.py", line 562, in compile
    p = sre_parse.parse(p, flags)
  File "D:\python3.6\lib\sre_parse.py", line 855, in parse
    p = _parse_sub(source, pattern, flags & SRE_FLAG_VERBOSE, 0)
  File "D:\python3.6\lib\sre_parse.py", line 416, in _parse_sub
    not nested and not items))
  File "D:\python3.6\lib\sre_parse.py", line 616, in _parse
    source.tell() - here + len(this))
sre_constants.error: nothing to repeat at position 6
ERROR 2020-07-12 13:42:05,788 basehttp 124 "POST /register/ HTTP/1.1" 500 108946
INFO 2020-07-12 13:52:54,605 basehttp 124 "GET /register HTTP/1.1" 301 0
INFO 2020-07-12 13:52:54,628 basehttp 124 "GET /register/ HTTP/1.1" 200 4626
INFO 2020-07-12 13:52:54,679 basehttp 124 "GET /static/css/reset.css HTTP/1.1" 200 638
INFO 2020-07-12 13:52:54,680 basehttp 124 "GET /static/js/host.js HTTP/1.1" 200 80
INFO 2020-07-12 13:52:54,680 basehttp 124 "GET /static/js/axios-0.18.0.min.js HTTP/1.1" 200 12941
INFO 2020-07-12 13:52:54,681 basehttp 124 "GET /static/css/main.css HTTP/1.1" 200 39722
INFO 2020-07-12 13:52:54,682 basehttp 124 "GET /static/js/vue-2.5.16.js HTTP/1.1" 200 289307
INFO 2020-07-12 13:52:54,696 basehttp 124 "GET /static/images/logo.png HTTP/1.1" 200 7450
INFO 2020-07-12 13:52:54,697 basehttp 124 "GET /static/js/register.js HTTP/1.1" 200 19365
INFO 2020-07-12 13:52:54,710 basehttp 124 "GET /static/images/interval_line.png HTTP/1.1" 200 1123
INFO 2020-07-12 13:52:54,711 basehttp 124 "GET /static/images/icons02.png HTTP/1.1" 200 3935
INFO 2020-07-12 13:52:54,711 basehttp 124 "GET /static/images/register_banner.png HTTP/1.1" 200 54894
INFO 2020-07-12 13:52:54,793 basehttp 124 "GET /image_codes/3df1145b-6488-498b-998a-e1f30bc9e0ca/ HTTP/1.1" 200 3571
WARNING 2020-07-12 13:52:54,810 base 152 Not Found: /favicon.ico
WARNING 2020-07-12 13:52:54,811 basehttp 124 "GET /favicon.ico HTTP/1.1" 404 2963
WARNING 2020-07-12 13:53:02,652 base 152 Not Found: /usernames/yejun01/count/
WARNING 2020-07-12 13:53:02,652 basehttp 124 "GET /usernames/yejun01/count/ HTTP/1.1" 404 3002
INFO 2020-07-12 13:53:09,992 basehttp 124 "GET /mobiles/13476835211/count/ HTTP/1.1" 200 41
INFO 2020-07-12 13:53:16,625 basehttp 124 "GET /sms_codes/13476835211/?image_code=NGWB&image_code_id=3df1145b-6488-498b-998a-e1f30bc9e0ca HTTP/1.1" 200 29
INFO 2020-07-12 13:53:16,629 basehttp 124 "GET /mobiles/13476835211/count/ HTTP/1.1" 200 41
WARNING 2020-07-12 13:53:19,195 basehttp 124 "GET /static/js/axios.min.map HTTP/1.1" 404 1661
WARNING 2020-07-12 13:53:26,416 base 152 Not Found: /usernames/yejun01/count/
WARNING 2020-07-12 13:53:26,417 basehttp 124 "GET /usernames/yejun01/count/ HTTP/1.1" 404 3002
INFO 2020-07-12 13:53:26,430 basehttp 124 "GET /mobiles/13476835211/count/ HTTP/1.1" 200 41
ERROR 2020-07-12 13:53:26,436 exception 135 Internal Server Error: /register/
Traceback (most recent call last):
  File "C:\Users\sweet\AppData\Roaming\Python\Python36\site-packages\django\core\handlers\exception.py", line 41, in inner
    response = get_response(request)
  File "C:\Users\sweet\AppData\Roaming\Python\Python36\site-packages\django\core\handlers\base.py", line 187, in _get_response
    response = self.process_exception_by_middleware(e, request)
  File "C:\Users\sweet\AppData\Roaming\Python\Python36\site-packages\django\core\handlers\base.py", line 185, in _get_response
    response = wrapped_callback(request, *callback_args, **callback_kwargs)
  File "C:\Users\sweet\AppData\Roaming\Python\Python36\site-packages\django\views\generic\base.py", line 68, in view
    return self.dispatch(request, *args, **kwargs)
  File "C:\Users\sweet\AppData\Roaming\Python\Python36\site-packages\django\views\generic\base.py", line 88, in dispatch
    return handler(request, *args, **kwargs)
  File "D:\d\meiduo_mall\meiduo_mall\apps\users\views.py", line 32, in post
    if not re.match('^[\d]${6,15}', password):
  File "D:\python3.6\lib\re.py", line 172, in match
    return _compile(pattern, flags).match(string)
  File "D:\python3.6\lib\re.py", line 301, in _compile
    p = sre_compile.compile(pattern, flags)
  File "D:\python3.6\lib\sre_compile.py", line 562, in compile
    p = sre_parse.parse(p, flags)
  File "D:\python3.6\lib\sre_parse.py", line 855, in parse
    p = _parse_sub(source, pattern, flags & SRE_FLAG_VERBOSE, 0)
  File "D:\python3.6\lib\sre_parse.py", line 416, in _parse_sub
    not nested and not items))
  File "D:\python3.6\lib\sre_parse.py", line 616, in _parse
    source.tell() - here + len(this))
sre_constants.error: nothing to repeat at position 6
ERROR 2020-07-12 13:53:26,511 basehttp 124 "POST /register/ HTTP/1.1" 500 109651
WARNING 2020-07-12 13:57:07,503 basehttp 124 "GET /static/js/axios.min.map HTTP/1.1" 404 1661
INFO 2020-07-12 13:57:07,527 basehttp 124 "GET /image_codes/63cadc73-78db-412a-b21a-498cdc050733/ HTTP/1.1" 200 3534
WARNING 2020-07-12 13:57:15,434 base 152 Not Found: /usernames/yejun01/count/
WARNING 2020-07-12 13:57:15,435 basehttp 124 "GET /usernames/yejun01/count/ HTTP/1.1" 404 3002
INFO 2020-07-12 13:57:28,563 basehttp 124 "GET /mobiles/13476835211/count/ HTTP/1.1" 200 41
INFO 2020-07-12 13:57:38,096 basehttp 124 "GET /sms_codes/13476835211/?image_code=HTFV&image_code_id=63cadc73-78db-412a-b21a-498cdc050733 HTTP/1.1" 200 29
INFO 2020-07-12 13:57:38,097 basehttp 124 "GET /mobiles/13476835211/count/ HTTP/1.1" 200 41
WARNING 2020-07-12 13:57:49,608 base 152 Not Found: /usernames/yejun01/count/
WARNING 2020-07-12 13:57:49,612 basehttp 124 "GET /usernames/yejun01/count/ HTTP/1.1" 404 3002
WARNING 2020-07-12 13:57:49,617 basehttp 124 "POST /register/ HTTP/1.1" 403 25
INFO 2020-07-12 13:57:49,622 basehttp 124 "GET /mobiles/13476835211/count/ HTTP/1.1" 200 41
WARNING 2020-07-12 13:57:52,723 basehttp 124 "GET /static/js/axios.min.map HTTP/1.1" 404 1661
INFO 2020-07-12 13:57:52,757 basehttp 124 "GET /image_codes/4fcd7753-0a3f-4dc7-913c-a711b0b2835d/ HTTP/1.1" 200 3091
WARNING 2020-07-12 13:59:34,353 base 152 Not Found: /usernames/23213213/count/
WARNING 2020-07-12 13:59:34,354 basehttp 124 "GET /usernames/23213213/count/ HTTP/1.1" 404 2999
INFO 2020-07-12 13:59:46,410 basehttp 124 "GET /usernames/2312321/count/ HTTP/1.1" 200 41
INFO 2020-07-12 14:00:03,325 basehttp 124 "GET /usernames/qq7780891/count/ HTTP/1.1" 200 41
INFO 2020-07-12 14:00:14,638 basehttp 124 "GET /mobiles/13476835211/count/ HTTP/1.1" 200 41
INFO 2020-07-12 14:00:17,723 basehttp 124 "GET /image_codes/631b7f33-df0d-4dfe-9b6f-ce972b43f382/ HTTP/1.1" 200 3178
INFO 2020-07-12 14:00:20,001 basehttp 124 "GET /image_codes/fdfef912-0455-4ce8-9cab-6d9a84e57a1e/ HTTP/1.1" 200 3069
INFO 2020-07-12 14:00:24,985 basehttp 124 "GET /sms_codes/13476835211/?image_code=YFSC&image_code_id=fdfef912-0455-4ce8-9cab-6d9a84e57a1e HTTP/1.1" 200 29
INFO 2020-07-12 14:00:24,987 basehttp 124 "GET /mobiles/13476835211/count/ HTTP/1.1" 200 41
INFO 2020-07-12 14:00:42,102 basehttp 124 "GET /usernames/qq7780891/count/ HTTP/1.1" 200 41
INFO 2020-07-12 14:00:42,102 basehttp 124 "GET /mobiles/13476835211/count/ HTTP/1.1" 200 41
WARNING 2020-07-12 14:01:06,826 basehttp 124 "POST /register/ HTTP/1.1" 403 25
INFO 2020-07-12 14:01:06,828 basehttp 124 "GET /usernames/qq7780891/count/ HTTP/1.1" 200 41
INFO 2020-07-12 14:01:06,830 basehttp 124 "GET /mobiles/13476835211/count/ HTTP/1.1" 200 41
WARNING 2020-07-12 14:01:13,463 basehttp 124 "GET /static/js/axios.min.map HTTP/1.1" 404 1661
INFO 2020-07-12 14:01:13,522 basehttp 124 "GET /image_codes/ecc23bdd-9c3f-408f-9fd7-de5caa8f2333/ HTTP/1.1" 200 3034
INFO 2020-07-12 14:01:52,927 basehttp 124 "GET /register/ HTTP/1.1" 200 4626
WARNING 2020-07-12 14:01:53,004 basehttp 124 "GET /static/js/axios.min.map HTTP/1.1" 404 1661
INFO 2020-07-12 14:01:53,059 basehttp 124 "GET /image_codes/998c9945-5886-496a-a6ee-9c4186ea64b7/ HTTP/1.1" 200 2896
INFO 2020-07-12 14:01:56,554 basehttp 124 "GET /usernames/qq7780891/count/ HTTP/1.1" 200 41
INFO 2020-07-12 14:02:01,871 basehttp 124 "GET /mobiles/13476835211/count/ HTTP/1.1" 200 41
INFO 2020-07-12 14:02:07,877 basehttp 124 "GET /sms_codes/13476835211/?image_code=sdsad&image_code_id=998c9945-5886-496a-a6ee-9c4186ea64b7 HTTP/1.1" 200 72
INFO 2020-07-12 14:02:07,880 basehttp 124 "GET /mobiles/13476835211/count/ HTTP/1.1" 200 41
INFO 2020-07-12 14:02:07,895 basehttp 124 "GET /image_codes/947b2fe9-5010-4a97-a8e8-31e660738fee/ HTTP/1.1" 200 3318
INFO 2020-07-12 14:02:21,527 basehttp 124 "GET /sms_codes/13476835211/?image_code=YQMJ&image_code_id=947b2fe9-5010-4a97-a8e8-31e660738fee HTTP/1.1" 200 29
INFO 2020-07-12 14:02:21,529 basehttp 124 "GET /mobiles/13476835211/count/ HTTP/1.1" 200 41
INFO 2020-07-12 14:02:31,333 basehttp 124 "GET /usernames/qq7780891/count/ HTTP/1.1" 200 41
INFO 2020-07-12 14:02:31,337 basehttp 124 "GET /mobiles/13476835211/count/ HTTP/1.1" 200 41
ERROR 2020-07-12 14:02:31,338 exception 135 Internal Server Error: /register/
Traceback (most recent call last):
  File "C:\Users\sweet\AppData\Roaming\Python\Python36\site-packages\django\core\handlers\exception.py", line 41, in inner
    response = get_response(request)
  File "C:\Users\sweet\AppData\Roaming\Python\Python36\site-packages\django\core\handlers\base.py", line 187, in _get_response
    response = self.process_exception_by_middleware(e, request)
  File "C:\Users\sweet\AppData\Roaming\Python\Python36\site-packages\django\core\handlers\base.py", line 185, in _get_response
    response = wrapped_callback(request, *callback_args, **callback_kwargs)
  File "C:\Users\sweet\AppData\Roaming\Python\Python36\site-packages\django\views\generic\base.py", line 68, in view
    return self.dispatch(request, *args, **kwargs)
  File "C:\Users\sweet\AppData\Roaming\Python\Python36\site-packages\django\views\generic\base.py", line 88, in dispatch
    return handler(request, *args, **kwargs)
  File "D:\d\meiduo_mall\meiduo_mall\apps\users\views.py", line 32, in post
    if not re.match('^[0-9a-zA-Z]${8,20}', password):
  File "D:\python3.6\lib\re.py", line 172, in match
    return _compile(pattern, flags).match(string)
  File "D:\python3.6\lib\re.py", line 301, in _compile
    p = sre_compile.compile(pattern, flags)
  File "D:\python3.6\lib\sre_compile.py", line 562, in compile
    p = sre_parse.parse(p, flags)
  File "D:\python3.6\lib\sre_parse.py", line 855, in parse
    p = _parse_sub(source, pattern, flags & SRE_FLAG_VERBOSE, 0)
  File "D:\python3.6\lib\sre_parse.py", line 416, in _parse_sub
    not nested and not items))
  File "D:\python3.6\lib\sre_parse.py", line 616, in _parse
    source.tell() - here + len(this))
sre_constants.error: nothing to repeat at position 13
ERROR 2020-07-12 14:02:31,409 basehttp 124 "POST /register/ HTTP/1.1" 500 110113
WARNING 2020-07-12 14:06:30,664 basehttp 124 "GET /static/js/axios.min.map HTTP/1.1" 404 1661
INFO 2020-07-12 14:06:30,724 basehttp 124 "GET /image_codes/a74af246-5d2e-493e-af66-aa9c2e970387/ HTTP/1.1" 200 3336
INFO 2020-07-12 14:06:35,857 basehttp 124 "GET /usernames/qq7780891/count/ HTTP/1.1" 200 41
WARNING 2020-07-12 14:06:40,930 base 152 Not Found: /mobiles/13476835211/count/
WARNING 2020-07-12 14:06:40,931 basehttp 124 "GET /mobiles/13476835211/count/ HTTP/1.1" 404 2949
WARNING 2020-07-12 14:06:47,459 base 152 Not Found: /sms_codes/13476835211/
WARNING 2020-07-12 14:06:47,463 base 152 Not Found: /mobiles/13476835211/count/
WARNING 2020-07-12 14:06:47,463 basehttp 124 "GET /sms_codes/13476835211/?image_code=ETBS&image_code_id=a74af246-5d2e-493e-af66-aa9c2e970387 HTTP/1.1" 404 3008
WARNING 2020-07-12 14:06:47,463 basehttp 124 "GET /mobiles/13476835211/count/ HTTP/1.1" 404 2949
WARNING 2020-07-12 14:07:06,198 base 152 Not Found: /mobiles/13476835211/count/
WARNING 2020-07-12 14:07:06,201 base 152 Not Found: /sms_codes/13476835211/
WARNING 2020-07-12 14:07:06,202 basehttp 124 "GET /sms_codes/13476835211/?image_code=ETBS&image_code_id=a74af246-5d2e-493e-af66-aa9c2e970387 HTTP/1.1" 404 3008
WARNING 2020-07-12 14:07:06,202 basehttp 124 "GET /mobiles/13476835211/count/ HTTP/1.1" 404 2949
WARNING 2020-07-12 14:07:52,344 base 152 Not Found: /sms_codes/13476835211/
WARNING 2020-07-12 14:07:52,345 basehttp 124 "GET /sms_codes/13476835211/?image_code=ETBS&image_code_id=a74af246-5d2e-493e-af66-aa9c2e970387 HTTP/1.1" 404 3009
INFO 2020-07-12 14:07:52,350 basehttp 124 "GET /mobiles/13476835211/count/ HTTP/1.1" 200 41
INFO 2020-07-12 14:07:53,658 basehttp 124 "GET /register/ HTTP/1.1" 200 4626
WARNING 2020-07-12 14:07:53,753 basehttp 124 "GET /static/js/axios.min.map HTTP/1.1" 404 1661
INFO 2020-07-12 14:07:53,777 basehttp 124 "GET /image_codes/3f5dcbc2-c372-4484-aab9-395c33b95b4a/ HTTP/1.1" 200 3304
INFO 2020-07-12 14:07:55,781 basehttp 124 "GET /usernames/yejun01/count/ HTTP/1.1" 200 41
INFO 2020-07-12 14:08:01,027 basehttp 124 "GET /mobiles/13476835211/count/ HTTP/1.1" 200 41
WARNING 2020-07-12 14:08:08,368 base 152 Not Found: /sms_codes/13476835211/
WARNING 2020-07-12 14:08:08,369 basehttp 124 "GET /sms_codes/13476835211/?image_code=GFSN&image_code_id=3f5dcbc2-c372-4484-aab9-395c33b95b4a HTTP/1.1" 404 3009
INFO 2020-07-12 14:08:08,371 basehttp 124 "GET /mobiles/13476835211/count/ HTTP/1.1" 200 41
INFO 2020-07-12 14:10:25,625 basehttp 124 "GET /register/ HTTP/1.1" 200 4626
WARNING 2020-07-12 14:10:25,679 basehttp 124 "GET /static/js/axios.min.map HTTP/1.1" 404 1661
INFO 2020-07-12 14:10:25,736 basehttp 124 "GET /image_codes/db95fc8b-b03e-442d-aa7e-60b9e0fd7cca/ HTTP/1.1" 200 3207
INFO 2020-07-12 14:10:40,243 basehttp 124 "GET /mobiles/13476835211/count/ HTTP/1.1" 200 41
INFO 2020-07-12 14:10:40,324 basehttp 124 "GET /sms_codes/13476835211/?image_code=KTVJ&image_code_id=db95fc8b-b03e-442d-aa7e-60b9e0fd7cca HTTP/1.1" 200 29
INFO 2020-07-12 14:10:40,326 basehttp 124 "GET /mobiles/13476835211/count/ HTTP/1.1" 200 41
INFO 2020-07-12 14:10:51,499 basehttp 124 "GET /usernames/qq7780891/count/ HTTP/1.1" 200 41
INFO 2020-07-12 14:10:56,592 basehttp 124 "GET /mobiles/13476835211/count/ HTTP/1.1" 200 41
INFO 2020-07-12 14:11:01,694 basehttp 124 "GET /mobiles/13476835211/count/ HTTP/1.1" 200 41
ERROR 2020-07-12 14:11:01,699 exception 135 Internal Server Error: /register/
Traceback (most recent call last):
  File "C:\Users\sweet\AppData\Roaming\Python\Python36\site-packages\django\core\handlers\exception.py", line 41, in inner
    response = get_response(request)
  File "C:\Users\sweet\AppData\Roaming\Python\Python36\site-packages\django\core\handlers\base.py", line 187, in _get_response
    response = self.process_exception_by_middleware(e, request)
  File "C:\Users\sweet\AppData\Roaming\Python\Python36\site-packages\django\core\handlers\base.py", line 185, in _get_response
    response = wrapped_callback(request, *callback_args, **callback_kwargs)
  File "C:\Users\sweet\AppData\Roaming\Python\Python36\site-packages\django\views\generic\base.py", line 68, in view
    return self.dispatch(request, *args, **kwargs)
  File "C:\Users\sweet\AppData\Roaming\Python\Python36\site-packages\django\views\generic\base.py", line 88, in dispatch
    return handler(request, *args, **kwargs)
  File "D:\d\meiduo_mall\meiduo_mall\apps\users\views.py", line 32, in post
    if not re.match('^[0-9a-zA-Z]${8,20}', password):
  File "D:\python3.6\lib\re.py", line 172, in match
    return _compile(pattern, flags).match(string)
  File "D:\python3.6\lib\re.py", line 301, in _compile
    p = sre_compile.compile(pattern, flags)
  File "D:\python3.6\lib\sre_compile.py", line 562, in compile
    p = sre_parse.parse(p, flags)
  File "D:\python3.6\lib\sre_parse.py", line 855, in parse
    p = _parse_sub(source, pattern, flags & SRE_FLAG_VERBOSE, 0)
  File "D:\python3.6\lib\sre_parse.py", line 416, in _parse_sub
    not nested and not items))
  File "D:\python3.6\lib\sre_parse.py", line 616, in _parse
    source.tell() - here + len(this))
sre_constants.error: nothing to repeat at position 13
INFO 2020-07-12 14:11:01,702 basehttp 124 "GET /usernames/qq7780891/count/ HTTP/1.1" 200 41
ERROR 2020-07-12 14:11:01,763 basehttp 124 "POST /register/ HTTP/1.1" 500 110046
WARNING 2020-07-12 14:11:45,235 basehttp 124 "GET /static/js/axios.min.map HTTP/1.1" 404 1661
INFO 2020-07-12 14:11:45,325 basehttp 124 "GET /image_codes/305b78a4-ce4b-4027-b142-601292af9546/ HTTP/1.1" 200 3010
INFO 2020-07-12 14:11:50,876 basehttp 124 "GET /usernames/qq7780891/count/ HTTP/1.1" 200 41
INFO 2020-07-12 14:11:59,093 basehttp 124 "GET /mobiles/13476835211/count/ HTTP/1.1" 200 41
INFO 2020-07-12 14:12:05,810 basehttp 124 "GET /sms_codes/13476835211/?image_code=JVC8&image_code_id=305b78a4-ce4b-4027-b142-601292af9546 HTTP/1.1" 200 29
INFO 2020-07-12 14:12:05,813 basehttp 124 "GET /mobiles/13476835211/count/ HTTP/1.1" 200 41
INFO 2020-07-12 14:12:12,579 basehttp 124 "GET /usernames/qq7780891/count/ HTTP/1.1" 200 41
INFO 2020-07-12 14:12:12,582 basehttp 124 "GET /mobiles/13476835211/count/ HTTP/1.1" 200 41
ERROR 2020-07-12 14:12:12,583 exception 135 Internal Server Error: /register/
Traceback (most recent call last):
  File "C:\Users\sweet\AppData\Roaming\Python\Python36\site-packages\django\core\handlers\exception.py", line 41, in inner
    response = get_response(request)
  File "C:\Users\sweet\AppData\Roaming\Python\Python36\site-packages\django\core\handlers\base.py", line 187, in _get_response
    response = self.process_exception_by_middleware(e, request)
  File "C:\Users\sweet\AppData\Roaming\Python\Python36\site-packages\django\core\handlers\base.py", line 185, in _get_response
    response = wrapped_callback(request, *callback_args, **callback_kwargs)
  File "C:\Users\sweet\AppData\Roaming\Python\Python36\site-packages\django\views\generic\base.py", line 68, in view
    return self.dispatch(request, *args, **kwargs)
  File "C:\Users\sweet\AppData\Roaming\Python\Python36\site-packages\django\views\generic\base.py", line 88, in dispatch
    return handler(request, *args, **kwargs)
  File "D:\d\meiduo_mall\meiduo_mall\apps\users\views.py", line 32, in post
    if not re.match('^[0-9a-zA-Z]${8,20}', password):
  File "D:\python3.6\lib\re.py", line 172, in match
    return _compile(pattern, flags).match(string)
  File "D:\python3.6\lib\re.py", line 301, in _compile
    p = sre_compile.compile(pattern, flags)
  File "D:\python3.6\lib\sre_compile.py", line 562, in compile
    p = sre_parse.parse(p, flags)
  File "D:\python3.6\lib\sre_parse.py", line 855, in parse
    p = _parse_sub(source, pattern, flags & SRE_FLAG_VERBOSE, 0)
  File "D:\python3.6\lib\sre_parse.py", line 416, in _parse_sub
    not nested and not items))
  File "D:\python3.6\lib\sre_parse.py", line 616, in _parse
    source.tell() - here + len(this))
sre_constants.error: nothing to repeat at position 13
ERROR 2020-07-12 14:12:12,647 basehttp 124 "POST /register/ HTTP/1.1" 500 110045
WARNING 2020-07-12 14:15:53,349 basehttp 124 "GET /static/js/axios.min.map HTTP/1.1" 404 1661
INFO 2020-07-12 14:15:53,385 basehttp 124 "GET /image_codes/2ee633c1-6450-47c0-950d-4ea549c51542/ HTTP/1.1" 200 3475
INFO 2020-07-12 14:16:00,888 basehttp 124 "GET /usernames/qq7780891/count/ HTTP/1.1" 200 41
INFO 2020-07-12 14:16:05,506 basehttp 124 "GET /mobiles/13476835211/count/ HTTP/1.1" 200 41
INFO 2020-07-12 14:16:09,838 basehttp 124 "GET /sms_codes/13476835211/?image_code=W8TM&image_code_id=2ee633c1-6450-47c0-950d-4ea549c51542 HTTP/1.1" 200 29
INFO 2020-07-12 14:16:09,839 basehttp 124 "GET /mobiles/13476835211/count/ HTTP/1.1" 200 41
INFO 2020-07-12 14:16:15,672 basehttp 124 "GET /usernames/qq7780891/count/ HTTP/1.1" 200 41
INFO 2020-07-12 14:16:15,677 basehttp 124 "GET /mobiles/13476835211/count/ HTTP/1.1" 200 41
ERROR 2020-07-12 14:16:15,680 exception 135 Internal Server Error: /register/
Traceback (most recent call last):
  File "C:\Users\sweet\AppData\Roaming\Python\Python36\site-packages\django\core\handlers\exception.py", line 41, in inner
    response = get_response(request)
  File "C:\Users\sweet\AppData\Roaming\Python\Python36\site-packages\django\core\handlers\base.py", line 187, in _get_response
    response = self.process_exception_by_middleware(e, request)
  File "C:\Users\sweet\AppData\Roaming\Python\Python36\site-packages\django\core\handlers\base.py", line 185, in _get_response
    response = wrapped_callback(request, *callback_args, **callback_kwargs)
  File "C:\Users\sweet\AppData\Roaming\Python\Python36\site-packages\django\views\generic\base.py", line 68, in view
    return self.dispatch(request, *args, **kwargs)
  File "C:\Users\sweet\AppData\Roaming\Python\Python36\site-packages\django\views\generic\base.py", line 88, in dispatch
    return handler(request, *args, **kwargs)
  File "D:\d\meiduo_mall\meiduo_mall\apps\users\views.py", line 33, in post
    if not re.match('^[0-9a-zA-Z]${8,20}', password):
  File "D:\python3.6\lib\re.py", line 172, in match
    return _compile(pattern, flags).match(string)
  File "D:\python3.6\lib\re.py", line 301, in _compile
    p = sre_compile.compile(pattern, flags)
  File "D:\python3.6\lib\sre_compile.py", line 562, in compile
    p = sre_parse.parse(p, flags)
  File "D:\python3.6\lib\sre_parse.py", line 855, in parse
    p = _parse_sub(source, pattern, flags & SRE_FLAG_VERBOSE, 0)
  File "D:\python3.6\lib\sre_parse.py", line 416, in _parse_sub
    not nested and not items))
  File "D:\python3.6\lib\sre_parse.py", line 616, in _parse
    source.tell() - here + len(this))
sre_constants.error: nothing to repeat at position 13
ERROR 2020-07-12 14:16:15,742 basehttp 124 "POST /register/ HTTP/1.1" 500 110045
INFO 2020-07-12 14:17:05,743 basehttp 124 "GET /register/ HTTP/1.1" 200 4626
INFO 2020-07-12 14:17:05,750 basehttp 124 "GET /static/css/main.css HTTP/1.1" 200 39722
INFO 2020-07-12 14:17:05,757 basehttp 124 "GET /static/js/axios-0.18.0.min.js HTTP/1.1" 200 12941
INFO 2020-07-12 14:17:05,758 basehttp 124 "GET /static/images/logo.png HTTP/1.1" 200 7450
INFO 2020-07-12 14:17:05,768 basehttp 124 "GET /static/css/reset.css HTTP/1.1" 200 638
INFO 2020-07-12 14:17:05,769 basehttp 124 "GET /static/js/register.js HTTP/1.1" 200 19365
INFO 2020-07-12 14:17:05,770 basehttp 124 "GET /static/js/host.js HTTP/1.1" 200 80
INFO 2020-07-12 14:17:05,775 basehttp 124 "GET /static/js/vue-2.5.16.js HTTP/1.1" 200 289307
INFO 2020-07-12 14:17:05,899 basehttp 124 "GET /static/images/icons02.png HTTP/1.1" 200 3935
INFO 2020-07-12 14:17:05,900 basehttp 124 "GET /static/images/interval_line.png HTTP/1.1" 200 1123
INFO 2020-07-12 14:17:05,903 basehttp 124 "GET /static/images/register_banner.png HTTP/1.1" 200 40960
INFO 2020-07-12 14:17:05,906 basehttp 124 "GET /image_codes/83fbf8d1-87bc-4731-b3d4-c425f887f737/ HTTP/1.1" 200 3592
ERROR 2020-07-12 14:17:05,910 basehttp 124 "GET /static/images/register_banner.png HTTP/1.1" 500 59
WARNING 2020-07-12 14:19:49,447 basehttp 124 "GET /static/js/axios.min.map HTTP/1.1" 404 1661
INFO 2020-07-12 14:19:49,530 basehttp 124 "GET /image_codes/077c43d5-e8fe-43ff-a28d-bf5a964ed73b/ HTTP/1.1" 200 3116
INFO 2020-07-12 14:19:58,290 basehttp 124 "GET /usernames/qq7780891/count/ HTTP/1.1" 200 41
INFO 2020-07-12 14:19:59,394 basehttp 124 "GET /mobiles/13476835211/count/ HTTP/1.1" 200 41
INFO 2020-07-12 14:20:04,933 basehttp 124 "GET /sms_codes/13476835211/?image_code=TCXJ&image_code_id=077c43d5-e8fe-43ff-a28d-bf5a964ed73b HTTP/1.1" 200 29
INFO 2020-07-12 14:20:04,935 basehttp 124 "GET /mobiles/13476835211/count/ HTTP/1.1" 200 41
INFO 2020-07-12 14:20:13,276 basehttp 124 "GET /usernames/qq7780891/count/ HTTP/1.1" 200 41
ERROR 2020-07-12 14:20:13,287 exception 135 Internal Server Error: /register/
Traceback (most recent call last):
  File "C:\Users\sweet\AppData\Roaming\Python\Python36\site-packages\django\core\handlers\exception.py", line 41, in inner
    response = get_response(request)
  File "C:\Users\sweet\AppData\Roaming\Python\Python36\site-packages\django\core\handlers\base.py", line 187, in _get_response
    response = self.process_exception_by_middleware(e, request)
  File "C:\Users\sweet\AppData\Roaming\Python\Python36\site-packages\django\core\handlers\base.py", line 185, in _get_response
    response = wrapped_callback(request, *callback_args, **callback_kwargs)
  File "C:\Users\sweet\AppData\Roaming\Python\Python36\site-packages\django\views\generic\base.py", line 68, in view
    return self.dispatch(request, *args, **kwargs)
  File "C:\Users\sweet\AppData\Roaming\Python\Python36\site-packages\django\views\generic\base.py", line 88, in dispatch
    return handler(request, *args, **kwargs)
  File "D:\d\meiduo_mall\meiduo_mall\apps\users\views.py", line 33, in post
    if not re.match('^[0-9a-zA-Z]${8,20}', password):
  File "D:\python3.6\lib\re.py", line 172, in match
    return _compile(pattern, flags).match(string)
  File "D:\python3.6\lib\re.py", line 301, in _compile
    p = sre_compile.compile(pattern, flags)
  File "D:\python3.6\lib\sre_compile.py", line 562, in compile
    p = sre_parse.parse(p, flags)
  File "D:\python3.6\lib\sre_parse.py", line 855, in parse
    p = _parse_sub(source, pattern, flags & SRE_FLAG_VERBOSE, 0)
  File "D:\python3.6\lib\sre_parse.py", line 416, in _parse_sub
    not nested and not items))
  File "D:\python3.6\lib\sre_parse.py", line 616, in _parse
    source.tell() - here + len(this))
sre_constants.error: nothing to repeat at position 13
INFO 2020-07-12 14:20:13,288 basehttp 124 "GET /mobiles/13476835211/count/ HTTP/1.1" 200 41
ERROR 2020-07-12 14:20:13,348 basehttp 124 "POST /register/ HTTP/1.1" 500 110045
WARNING 2020-07-12 14:23:43,614 basehttp 124 "GET /static/js/axios.min.map HTTP/1.1" 404 1661
WARNING 2020-07-12 14:23:43,682 base 152 Not Found: /image_codes/e22d3375-ca90-4c54-8f06-a125aea9572b/
WARNING 2020-07-12 14:23:43,682 basehttp 124 "GET /image_codes/e22d3375-ca90-4c54-8f06-a125aea9572b/ HTTP/1.1" 404 3021
INFO 2020-07-12 14:23:44,145 basehttp 124 "GET /register/ HTTP/1.1" 200 4626
WARNING 2020-07-12 14:23:44,195 basehttp 124 "GET /static/js/axios.min.map HTTP/1.1" 404 1661
WARNING 2020-07-12 14:23:44,220 base 152 Not Found: /image_codes/0004414d-a869-44df-bf35-bfa1ff9c18be/
WARNING 2020-07-12 14:23:44,222 basehttp 124 "GET /image_codes/0004414d-a869-44df-bf35-bfa1ff9c18be/ HTTP/1.1" 404 3021
INFO 2020-07-12 14:23:46,134 basehttp 124 "GET /usernames/qq7780891/count/ HTTP/1.1" 200 41
WARNING 2020-07-12 14:23:52,407 base 152 Not Found: /mobiles/13476835211/count/
WARNING 2020-07-12 14:23:52,408 basehttp 124 "GET /mobiles/13476835211/count/ HTTP/1.1" 404 2952
WARNING 2020-07-12 14:24:04,529 base 152 Not Found: /mobiles/13476835211/count/
WARNING 2020-07-12 14:24:04,530 basehttp 124 "GET /mobiles/13476835211/count/ HTTP/1.1" 404 2952
WARNING 2020-07-12 14:24:48,377 base 152 Not Found: /mobiles/13476835211/count/
WARNING 2020-07-12 14:24:48,378 basehttp 124 "GET /mobiles/13476835211/count/ HTTP/1.1" 404 2952
WARNING 2020-07-12 14:24:51,178 base 152 Not Found: /mobiles/13476835211/count/
WARNING 2020-07-12 14:24:51,179 basehttp 124 "GET /mobiles/13476835211/count/ HTTP/1.1" 404 2952
INFO 2020-07-12 14:24:51,290 basehttp 124 "GET /register/ HTTP/1.1" 200 4626
WARNING 2020-07-12 14:24:51,344 basehttp 124 "GET /static/js/axios.min.map HTTP/1.1" 404 1661
WARNING 2020-07-12 14:24:51,400 base 152 Not Found: /image_codes/4f1ebd9b-4eb0-44f6-9647-827f896e83d3/
WARNING 2020-07-12 14:24:51,401 basehttp 124 "GET /image_codes/4f1ebd9b-4eb0-44f6-9647-827f896e83d3/ HTTP/1.1" 404 3021
INFO 2020-07-12 14:24:54,026 basehttp 124 "GET /usernames/qq7780891/count/ HTTP/1.1" 200 41
WARNING 2020-07-12 14:25:02,390 base 152 Not Found: /mobiles/13476835211/count/
WARNING 2020-07-12 14:25:02,391 basehttp 124 "GET /mobiles/13476835211/count/ HTTP/1.1" 404 2952
WARNING 2020-07-12 14:25:11,069 base 152 Not Found: /image_codes/0f874a18-6611-476b-8055-3a9010dbd44d/
WARNING 2020-07-12 14:25:11,069 basehttp 124 "GET /image_codes/0f874a18-6611-476b-8055-3a9010dbd44d/ HTTP/1.1" 404 3021
INFO 2020-07-12 14:25:24,236 basehttp 124 "GET /register/ HTTP/1.1" 200 4626
WARNING 2020-07-12 14:25:24,320 basehttp 124 "GET /static/js/axios.min.map HTTP/1.1" 404 1661
INFO 2020-07-12 14:25:24,345 basehttp 124 "GET /image_codes/251ca9c2-6cbb-4daf-b621-2afff6d753a3/ HTTP/1.1" 200 3001
INFO 2020-07-12 14:25:57,421 basehttp 124 "GET /register/ HTTP/1.1" 200 4626
WARNING 2020-07-12 14:25:57,485 basehttp 124 "GET /static/js/axios.min.map HTTP/1.1" 404 1661
INFO 2020-07-12 14:25:57,545 basehttp 124 "GET /image_codes/32c2085e-6b78-45e4-af6b-059670c0d620/ HTTP/1.1" 200 3314
INFO 2020-07-12 14:26:00,712 basehttp 124 "GET /usernames/qq7780891/count/ HTTP/1.1" 200 41
INFO 2020-07-12 14:26:04,678 basehttp 124 "GET /mobiles/13476835211/count/ HTTP/1.1" 200 41
INFO 2020-07-12 14:26:14,975 basehttp 124 "GET /sms_codes/13476835211/?image_code=LQPD&image_code_id=32c2085e-6b78-45e4-af6b-059670c0d620 HTTP/1.1" 200 72
INFO 2020-07-12 14:26:14,977 basehttp 124 "GET /mobiles/13476835211/count/ HTTP/1.1" 200 41
INFO 2020-07-12 14:26:14,998 basehttp 124 "GET /image_codes/3a7f93fe-e9ac-4de2-a41f-95917c4a9b20/ HTTP/1.1" 200 3072
INFO 2020-07-12 14:26:25,489 basehttp 124 "GET /sms_codes/13476835211/?image_code=4TW8&image_code_id=3a7f93fe-e9ac-4de2-a41f-95917c4a9b20 HTTP/1.1" 200 29
INFO 2020-07-12 14:26:25,491 basehttp 124 "GET /mobiles/13476835211/count/ HTTP/1.1" 200 41
INFO 2020-07-12 14:26:31,053 basehttp 124 "GET /usernames/qq7780891/count/ HTTP/1.1" 200 41
INFO 2020-07-12 14:26:31,057 basehttp 124 "GET /mobiles/13476835211/count/ HTTP/1.1" 200 41
ERROR 2020-07-12 14:26:31,058 exception 135 Internal Server Error: /register/
Traceback (most recent call last):
  File "C:\Users\sweet\AppData\Roaming\Python\Python36\site-packages\django\core\handlers\exception.py", line 41, in inner
    response = get_response(request)
  File "C:\Users\sweet\AppData\Roaming\Python\Python36\site-packages\django\core\handlers\base.py", line 187, in _get_response
    response = self.process_exception_by_middleware(e, request)
  File "C:\Users\sweet\AppData\Roaming\Python\Python36\site-packages\django\core\handlers\base.py", line 185, in _get_response
    response = wrapped_callback(request, *callback_args, **callback_kwargs)
  File "C:\Users\sweet\AppData\Roaming\Python\Python36\site-packages\django\views\generic\base.py", line 68, in view
    return self.dispatch(request, *args, **kwargs)
  File "C:\Users\sweet\AppData\Roaming\Python\Python36\site-packages\django\views\generic\base.py", line 88, in dispatch
    return handler(request, *args, **kwargs)
  File "D:\d\meiduo_mall\meiduo_mall\apps\users\views.py", line 33, in post
    if not re.match('^[0-9a-zA-Z]${8,20}', password):
  File "D:\python3.6\lib\re.py", line 172, in match
    return _compile(pattern, flags).match(string)
  File "D:\python3.6\lib\re.py", line 301, in _compile
    p = sre_compile.compile(pattern, flags)
  File "D:\python3.6\lib\sre_compile.py", line 562, in compile
    p = sre_parse.parse(p, flags)
  File "D:\python3.6\lib\sre_parse.py", line 855, in parse
    p = _parse_sub(source, pattern, flags & SRE_FLAG_VERBOSE, 0)
  File "D:\python3.6\lib\sre_parse.py", line 416, in _parse_sub
    not nested and not items))
  File "D:\python3.6\lib\sre_parse.py", line 616, in _parse
    source.tell() - here + len(this))
sre_constants.error: nothing to repeat at position 13
ERROR 2020-07-12 14:26:31,119 basehttp 124 "POST /register/ HTTP/1.1" 500 110046
WARNING 2020-07-12 14:29:36,919 basehttp 124 "GET /static/js/axios.min.map HTTP/1.1" 404 1661
INFO 2020-07-12 14:29:36,997 basehttp 124 "GET /image_codes/94e12b61-d274-4494-8ea5-d9ce6953dcb0/ HTTP/1.1" 200 3272
INFO 2020-07-12 14:29:41,789 basehttp 124 "GET /usernames/qq7780891/count/ HTTP/1.1" 200 41
INFO 2020-07-12 14:29:47,871 basehttp 124 "GET /mobiles/13476835211/count/ HTTP/1.1" 200 41
INFO 2020-07-12 14:29:53,903 basehttp 124 "GET /sms_codes/13476835211/?image_code=JCX7&image_code_id=94e12b61-d274-4494-8ea5-d9ce6953dcb0 HTTP/1.1" 200 29
INFO 2020-07-12 14:29:53,905 basehttp 124 "GET /mobiles/13476835211/count/ HTTP/1.1" 200 41
INFO 2020-07-12 14:30:02,153 basehttp 124 "GET /usernames/qq7780891/count/ HTTP/1.1" 200 41
INFO 2020-07-12 14:30:02,155 basehttp 124 "GET /mobiles/13476835211/count/ HTTP/1.1" 200 41
ERROR 2020-07-12 14:30:02,172 exception 135 Internal Server Error: /register/
Traceback (most recent call last):
  File "C:\Users\sweet\AppData\Roaming\Python\Python36\site-packages\django\core\handlers\exception.py", line 41, in inner
    response = get_response(request)
  File "C:\Users\sweet\AppData\Roaming\Python\Python36\site-packages\django\core\handlers\base.py", line 187, in _get_response
    response = self.process_exception_by_middleware(e, request)
  File "C:\Users\sweet\AppData\Roaming\Python\Python36\site-packages\django\core\handlers\base.py", line 185, in _get_response
    response = wrapped_callback(request, *callback_args, **callback_kwargs)
  File "C:\Users\sweet\AppData\Roaming\Python\Python36\site-packages\django\views\generic\base.py", line 68, in view
    return self.dispatch(request, *args, **kwargs)
  File "C:\Users\sweet\AppData\Roaming\Python\Python36\site-packages\django\views\generic\base.py", line 88, in dispatch
    return handler(request, *args, **kwargs)
  File "D:\d\meiduo_mall\meiduo_mall\apps\users\views.py", line 33, in post
    if not re.match('^[0-9a-zA-Z]${8,20}', password):
  File "D:\python3.6\lib\re.py", line 172, in match
    return _compile(pattern, flags).match(string)
  File "D:\python3.6\lib\re.py", line 301, in _compile
    p = sre_compile.compile(pattern, flags)
  File "D:\python3.6\lib\sre_compile.py", line 562, in compile
    p = sre_parse.parse(p, flags)
  File "D:\python3.6\lib\sre_parse.py", line 855, in parse
    p = _parse_sub(source, pattern, flags & SRE_FLAG_VERBOSE, 0)
  File "D:\python3.6\lib\sre_parse.py", line 416, in _parse_sub
    not nested and not items))
  File "D:\python3.6\lib\sre_parse.py", line 616, in _parse
    source.tell() - here + len(this))
sre_constants.error: nothing to repeat at position 13
ERROR 2020-07-12 14:30:02,225 basehttp 124 "POST /register/ HTTP/1.1" 500 110046
INFO 2020-07-12 14:30:29,460 basehttp 124 "GET /register/ HTTP/1.1" 200 4626
INFO 2020-07-12 14:30:29,467 basehttp 124 "GET /image_codes/4583f3f5-31c8-4161-9cc4-63d8291f3c65/ HTTP/1.1" 200 3242
ERROR 2020-07-12 14:30:29,470 basehttp 124 "GET /image_codes/4583f3f5-31c8-4161-9cc4-63d8291f3c65/ HTTP/1.1" 500 59
INFO 2020-07-12 14:30:29,572 basehttp 124 "GET /image_codes/fb865794-8608-48b3-9b96-85f60797356f/ HTTP/1.1" 200 3140
WARNING 2020-07-12 14:30:29,683 basehttp 124 "GET /static/js/axios.min.map HTTP/1.1" 404 1661
WARNING 2020-07-12 14:30:29,688 basehttp 124 "GET /static/js/axios.min.map HTTP/1.1" 404 1661
INFO 2020-07-12 14:30:31,058 basehttp 124 "GET /usernames/qq7780891/count/ HTTP/1.1" 200 41
INFO 2020-07-12 14:30:36,365 basehttp 124 "GET /mobiles/13476835211/count/ HTTP/1.1" 200 41
INFO 2020-07-12 14:30:41,337 basehttp 124 "GET /sms_codes/13476835211/?image_code=E9HN&image_code_id=fb865794-8608-48b3-9b96-85f60797356f HTTP/1.1" 200 29
INFO 2020-07-12 14:30:41,339 basehttp 124 "GET /mobiles/13476835211/count/ HTTP/1.1" 200 41
INFO 2020-07-12 14:30:49,803 basehttp 124 "GET /mobiles/13476835211/count/ HTTP/1.1" 200 41
INFO 2020-07-12 14:30:49,807 basehttp 124 "GET /usernames/qq7780891/count/ HTTP/1.1" 200 41
ERROR 2020-07-12 14:30:49,807 exception 135 Internal Server Error: /register/
Traceback (most recent call last):
  File "C:\Users\sweet\AppData\Roaming\Python\Python36\site-packages\django\core\handlers\exception.py", line 41, in inner
    response = get_response(request)
  File "C:\Users\sweet\AppData\Roaming\Python\Python36\site-packages\django\core\handlers\base.py", line 187, in _get_response
    response = self.process_exception_by_middleware(e, request)
  File "C:\Users\sweet\AppData\Roaming\Python\Python36\site-packages\django\core\handlers\base.py", line 185, in _get_response
    response = wrapped_callback(request, *callback_args, **callback_kwargs)
  File "C:\Users\sweet\AppData\Roaming\Python\Python36\site-packages\django\views\generic\base.py", line 68, in view
    return self.dispatch(request, *args, **kwargs)
  File "C:\Users\sweet\AppData\Roaming\Python\Python36\site-packages\django\views\generic\base.py", line 88, in dispatch
    return handler(request, *args, **kwargs)
  File "D:\d\meiduo_mall\meiduo_mall\apps\users\views.py", line 33, in post
    if not re.match('^[0-9a-zA-Z]${8,20}', password):
  File "D:\python3.6\lib\re.py", line 172, in match
    return _compile(pattern, flags).match(string)
  File "D:\python3.6\lib\re.py", line 301, in _compile
    p = sre_compile.compile(pattern, flags)
  File "D:\python3.6\lib\sre_compile.py", line 562, in compile
    p = sre_parse.parse(p, flags)
  File "D:\python3.6\lib\sre_parse.py", line 855, in parse
    p = _parse_sub(source, pattern, flags & SRE_FLAG_VERBOSE, 0)
  File "D:\python3.6\lib\sre_parse.py", line 416, in _parse_sub
    not nested and not items))
  File "D:\python3.6\lib\sre_parse.py", line 616, in _parse
    source.tell() - here + len(this))
sre_constants.error: nothing to repeat at position 13
ERROR 2020-07-12 14:30:49,872 basehttp 124 "POST /register/ HTTP/1.1" 500 110046
ERROR 2020-07-12 14:33:15,827 exception 135 Internal Server Error: /register/
Traceback (most recent call last):
  File "C:\Users\sweet\AppData\Roaming\Python\Python36\site-packages\django\core\handlers\exception.py", line 41, in inner
    response = get_response(request)
  File "C:\Users\sweet\AppData\Roaming\Python\Python36\site-packages\django\core\handlers\base.py", line 187, in _get_response
    response = self.process_exception_by_middleware(e, request)
  File "C:\Users\sweet\AppData\Roaming\Python\Python36\site-packages\django\core\handlers\base.py", line 185, in _get_response
    response = wrapped_callback(request, *callback_args, **callback_kwargs)
  File "C:\Users\sweet\AppData\Roaming\Python\Python36\site-packages\django\views\generic\base.py", line 68, in view
    return self.dispatch(request, *args, **kwargs)
  File "C:\Users\sweet\AppData\Roaming\Python\Python36\site-packages\django\views\generic\base.py", line 88, in dispatch
    return handler(request, *args, **kwargs)
  File "D:\d\meiduo_mall\meiduo_mall\apps\users\views.py", line 33, in post
    if not re.match('^[0-9a-zA-Z]${8,20}$', password):
  File "D:\python3.6\lib\re.py", line 172, in match
    return _compile(pattern, flags).match(string)
  File "D:\python3.6\lib\re.py", line 301, in _compile
    p = sre_compile.compile(pattern, flags)
  File "D:\python3.6\lib\sre_compile.py", line 562, in compile
    p = sre_parse.parse(p, flags)
  File "D:\python3.6\lib\sre_parse.py", line 855, in parse
    p = _parse_sub(source, pattern, flags & SRE_FLAG_VERBOSE, 0)
  File "D:\python3.6\lib\sre_parse.py", line 416, in _parse_sub
    not nested and not items))
  File "D:\python3.6\lib\sre_parse.py", line 616, in _parse
    source.tell() - here + len(this))
sre_constants.error: nothing to repeat at position 13
ERROR 2020-07-12 14:33:15,874 basehttp 124 "POST /register/ HTTP/1.1" 500 110053
WARNING 2020-07-12 14:33:16,714 basehttp 124 "GET /static/js/axios.min.map HTTP/1.1" 404 1661
INFO 2020-07-12 14:33:16,750 basehttp 124 "GET /image_codes/23afdafb-6d93-49d0-9aee-42ac12b9c011/ HTTP/1.1" 200 3771
INFO 2020-07-12 14:33:22,480 basehttp 124 "GET /usernames/qq7780891/count/ HTTP/1.1" 200 41
INFO 2020-07-12 14:33:23,504 basehttp 124 "GET /mobiles/13476835211/count/ HTTP/1.1" 200 41
INFO 2020-07-12 14:33:27,165 basehttp 124 "GET /sms_codes/13476835211/?image_code=HMRN&image_code_id=23afdafb-6d93-49d0-9aee-42ac12b9c011 HTTP/1.1" 200 29
INFO 2020-07-12 14:33:27,167 basehttp 124 "GET /mobiles/13476835211/count/ HTTP/1.1" 200 41
INFO 2020-07-12 14:33:38,229 basehttp 124 "GET /usernames/qq7780891/count/ HTTP/1.1" 200 41
INFO 2020-07-12 14:33:38,234 basehttp 124 "GET /mobiles/13476835211/count/ HTTP/1.1" 200 41
ERROR 2020-07-12 14:33:38,246 exception 135 Internal Server Error: /register/
Traceback (most recent call last):
  File "C:\Users\sweet\AppData\Roaming\Python\Python36\site-packages\django\core\handlers\exception.py", line 41, in inner
    response = get_response(request)
  File "C:\Users\sweet\AppData\Roaming\Python\Python36\site-packages\django\core\handlers\base.py", line 187, in _get_response
    response = self.process_exception_by_middleware(e, request)
  File "C:\Users\sweet\AppData\Roaming\Python\Python36\site-packages\django\core\handlers\base.py", line 185, in _get_response
    response = wrapped_callback(request, *callback_args, **callback_kwargs)
  File "C:\Users\sweet\AppData\Roaming\Python\Python36\site-packages\django\views\generic\base.py", line 68, in view
    return self.dispatch(request, *args, **kwargs)
  File "C:\Users\sweet\AppData\Roaming\Python\Python36\site-packages\django\views\generic\base.py", line 88, in dispatch
    return handler(request, *args, **kwargs)
  File "D:\d\meiduo_mall\meiduo_mall\apps\users\views.py", line 33, in post
    if not re.match('^[0-9a-zA-Z]${8,20}$', password):
  File "D:\python3.6\lib\re.py", line 172, in match
    return _compile(pattern, flags).match(string)
  File "D:\python3.6\lib\re.py", line 301, in _compile
    p = sre_compile.compile(pattern, flags)
  File "D:\python3.6\lib\sre_compile.py", line 562, in compile
    p = sre_parse.parse(p, flags)
  File "D:\python3.6\lib\sre_parse.py", line 855, in parse
    p = _parse_sub(source, pattern, flags & SRE_FLAG_VERBOSE, 0)
  File "D:\python3.6\lib\sre_parse.py", line 416, in _parse_sub
    not nested and not items))
  File "D:\python3.6\lib\sre_parse.py", line 616, in _parse
    source.tell() - here + len(this))
sre_constants.error: nothing to repeat at position 13
ERROR 2020-07-12 14:33:38,298 basehttp 124 "POST /register/ HTTP/1.1" 500 110053
WARNING 2020-07-12 14:35:24,807 basehttp 124 "GET /static/js/axios.min.map HTTP/1.1" 404 1661
INFO 2020-07-12 14:35:24,877 basehttp 124 "GET /image_codes/8d2edc18-b4f3-46d5-8b79-1a3152fa3d68/ HTTP/1.1" 200 3199
INFO 2020-07-12 14:35:30,960 basehttp 124 "GET /usernames/qq7780891/count/ HTTP/1.1" 200 41
INFO 2020-07-12 14:35:31,611 basehttp 124 "GET /mobiles/13476835211/count/ HTTP/1.1" 200 41
INFO 2020-07-12 14:35:40,661 basehttp 124 "GET /sms_codes/13476835211/?image_code=ZLTD&image_code_id=8d2edc18-b4f3-46d5-8b79-1a3152fa3d68 HTTP/1.1" 200 29
INFO 2020-07-12 14:35:40,663 basehttp 124 "GET /mobiles/13476835211/count/ HTTP/1.1" 200 41
INFO 2020-07-12 14:35:46,164 basehttp 124 "GET /usernames/qq7780891/count/ HTTP/1.1" 200 41
ERROR 2020-07-12 14:35:46,168 exception 135 Internal Server Error: /register/
Traceback (most recent call last):
  File "C:\Users\sweet\AppData\Roaming\Python\Python36\site-packages\django\core\handlers\exception.py", line 41, in inner
    response = get_response(request)
  File "C:\Users\sweet\AppData\Roaming\Python\Python36\site-packages\django\core\handlers\base.py", line 187, in _get_response
    response = self.process_exception_by_middleware(e, request)
  File "C:\Users\sweet\AppData\Roaming\Python\Python36\site-packages\django\core\handlers\base.py", line 185, in _get_response
    response = wrapped_callback(request, *callback_args, **callback_kwargs)
  File "C:\Users\sweet\AppData\Roaming\Python\Python36\site-packages\django\views\generic\base.py", line 68, in view
    return self.dispatch(request, *args, **kwargs)
  File "C:\Users\sweet\AppData\Roaming\Python\Python36\site-packages\django\views\generic\base.py", line 88, in dispatch
    return handler(request, *args, **kwargs)
  File "D:\d\meiduo_mall\meiduo_mall\apps\users\views.py", line 33, in post
    if not re.match('^[0-9a-zA-Z]${8,20}$', password):
  File "D:\python3.6\lib\re.py", line 172, in match
    return _compile(pattern, flags).match(string)
  File "D:\python3.6\lib\re.py", line 301, in _compile
    p = sre_compile.compile(pattern, flags)
  File "D:\python3.6\lib\sre_compile.py", line 562, in compile
    p = sre_parse.parse(p, flags)
  File "D:\python3.6\lib\sre_parse.py", line 855, in parse
    p = _parse_sub(source, pattern, flags & SRE_FLAG_VERBOSE, 0)
  File "D:\python3.6\lib\sre_parse.py", line 416, in _parse_sub
    not nested and not items))
  File "D:\python3.6\lib\sre_parse.py", line 616, in _parse
    source.tell() - here + len(this))
sre_constants.error: nothing to repeat at position 13
INFO 2020-07-12 14:35:46,168 basehttp 124 "GET /mobiles/13476835211/count/ HTTP/1.1" 200 41
ERROR 2020-07-12 14:35:46,235 basehttp 124 "POST /register/ HTTP/1.1" 500 110053
WARNING 2020-07-12 14:37:01,923 basehttp 124 "GET /static/js/axios.min.map HTTP/1.1" 404 1661
INFO 2020-07-12 14:37:01,996 basehttp 124 "GET /image_codes/a6a39df0-bffe-4305-a04b-156abac08d88/ HTTP/1.1" 200 3263
INFO 2020-07-12 14:37:05,122 basehttp 124 "GET /usernames/qq7780891/count/ HTTP/1.1" 200 41
INFO 2020-07-12 14:37:08,868 basehttp 124 "GET /mobiles/13476835211/count/ HTTP/1.1" 200 41
INFO 2020-07-12 14:37:17,210 basehttp 124 "GET /sms_codes/13476835211/?image_code=PCSN&image_code_id=a6a39df0-bffe-4305-a04b-156abac08d88 HTTP/1.1" 200 29
INFO 2020-07-12 14:37:17,212 basehttp 124 "GET /mobiles/13476835211/count/ HTTP/1.1" 200 41
INFO 2020-07-12 14:37:26,962 basehttp 124 "GET /usernames/qq7780891/count/ HTTP/1.1" 200 41
INFO 2020-07-12 14:37:26,973 basehttp 124 "GET /mobiles/13476835211/count/ HTTP/1.1" 200 41
ERROR 2020-07-12 14:37:26,976 exception 135 Internal Server Error: /register/
Traceback (most recent call last):
  File "C:\Users\sweet\AppData\Roaming\Python\Python36\site-packages\django\core\handlers\exception.py", line 41, in inner
    response = get_response(request)
  File "C:\Users\sweet\AppData\Roaming\Python\Python36\site-packages\django\core\handlers\base.py", line 187, in _get_response
    response = self.process_exception_by_middleware(e, request)
  File "C:\Users\sweet\AppData\Roaming\Python\Python36\site-packages\django\core\handlers\base.py", line 185, in _get_response
    response = wrapped_callback(request, *callback_args, **callback_kwargs)
  File "C:\Users\sweet\AppData\Roaming\Python\Python36\site-packages\django\views\generic\base.py", line 68, in view
    return self.dispatch(request, *args, **kwargs)
  File "C:\Users\sweet\AppData\Roaming\Python\Python36\site-packages\django\views\generic\base.py", line 88, in dispatch
    return handler(request, *args, **kwargs)
  File "D:\d\meiduo_mall\meiduo_mall\apps\users\views.py", line 33, in post
    if not re.match('^[0-9a-zA-Z]${8,20}$', password):
  File "D:\python3.6\lib\re.py", line 172, in match
    return _compile(pattern, flags).match(string)
  File "D:\python3.6\lib\re.py", line 301, in _compile
    p = sre_compile.compile(pattern, flags)
  File "D:\python3.6\lib\sre_compile.py", line 562, in compile
    p = sre_parse.parse(p, flags)
  File "D:\python3.6\lib\sre_parse.py", line 855, in parse
    p = _parse_sub(source, pattern, flags & SRE_FLAG_VERBOSE, 0)
  File "D:\python3.6\lib\sre_parse.py", line 416, in _parse_sub
    not nested and not items))
  File "D:\python3.6\lib\sre_parse.py", line 616, in _parse
    source.tell() - here + len(this))
sre_constants.error: nothing to repeat at position 13
ERROR 2020-07-12 14:37:27,039 basehttp 124 "POST /register/ HTTP/1.1" 500 110088
ERROR 2020-07-12 14:40:07,316 exception 135 Internal Server Error: /register/
Traceback (most recent call last):
  File "C:\Users\sweet\AppData\Roaming\Python\Python36\site-packages\django\core\handlers\exception.py", line 41, in inner
    response = get_response(request)
  File "C:\Users\sweet\AppData\Roaming\Python\Python36\site-packages\django\core\handlers\base.py", line 187, in _get_response
    response = self.process_exception_by_middleware(e, request)
  File "C:\Users\sweet\AppData\Roaming\Python\Python36\site-packages\django\core\handlers\base.py", line 185, in _get_response
    response = wrapped_callback(request, *callback_args, **callback_kwargs)
  File "C:\Users\sweet\AppData\Roaming\Python\Python36\site-packages\django\views\generic\base.py", line 68, in view
    return self.dispatch(request, *args, **kwargs)
  File "C:\Users\sweet\AppData\Roaming\Python\Python36\site-packages\django\views\generic\base.py", line 88, in dispatch
    return handler(request, *args, **kwargs)
  File "D:\d\meiduo_mall\meiduo_mall\apps\users\views.py", line 34, in post
    if not re.match('^[0-9a-zA-Z]${8,20}$', password):
  File "D:\python3.6\lib\re.py", line 172, in match
    return _compile(pattern, flags).match(string)
  File "D:\python3.6\lib\re.py", line 301, in _compile
    p = sre_compile.compile(pattern, flags)
  File "D:\python3.6\lib\sre_compile.py", line 562, in compile
    p = sre_parse.parse(p, flags)
  File "D:\python3.6\lib\sre_parse.py", line 855, in parse
    p = _parse_sub(source, pattern, flags & SRE_FLAG_VERBOSE, 0)
  File "D:\python3.6\lib\sre_parse.py", line 416, in _parse_sub
    not nested and not items))
  File "D:\python3.6\lib\sre_parse.py", line 616, in _parse
    source.tell() - here + len(this))
sre_constants.error: nothing to repeat at position 13
ERROR 2020-07-12 14:40:07,364 basehttp 124 "POST /register/ HTTP/1.1" 500 110088
ERROR 2020-07-12 14:40:08,434 exception 135 Internal Server Error: /register/
Traceback (most recent call last):
  File "C:\Users\sweet\AppData\Roaming\Python\Python36\site-packages\django\core\handlers\exception.py", line 41, in inner
    response = get_response(request)
  File "C:\Users\sweet\AppData\Roaming\Python\Python36\site-packages\django\core\handlers\base.py", line 187, in _get_response
    response = self.process_exception_by_middleware(e, request)
  File "C:\Users\sweet\AppData\Roaming\Python\Python36\site-packages\django\core\handlers\base.py", line 185, in _get_response
    response = wrapped_callback(request, *callback_args, **callback_kwargs)
  File "C:\Users\sweet\AppData\Roaming\Python\Python36\site-packages\django\views\generic\base.py", line 68, in view
    return self.dispatch(request, *args, **kwargs)
  File "C:\Users\sweet\AppData\Roaming\Python\Python36\site-packages\django\views\generic\base.py", line 88, in dispatch
    return handler(request, *args, **kwargs)
  File "D:\d\meiduo_mall\meiduo_mall\apps\users\views.py", line 34, in post
    if not re.match('^[0-9a-zA-Z]${8,20}$', password):
  File "D:\python3.6\lib\re.py", line 172, in match
    return _compile(pattern, flags).match(string)
  File "D:\python3.6\lib\re.py", line 301, in _compile
    p = sre_compile.compile(pattern, flags)
  File "D:\python3.6\lib\sre_compile.py", line 562, in compile
    p = sre_parse.parse(p, flags)
  File "D:\python3.6\lib\sre_parse.py", line 855, in parse
    p = _parse_sub(source, pattern, flags & SRE_FLAG_VERBOSE, 0)
  File "D:\python3.6\lib\sre_parse.py", line 416, in _parse_sub
    not nested and not items))
  File "D:\python3.6\lib\sre_parse.py", line 616, in _parse
    source.tell() - here + len(this))
sre_constants.error: nothing to repeat at position 13
ERROR 2020-07-12 14:40:08,484 basehttp 124 "POST /register/ HTTP/1.1" 500 110088
ERROR 2020-07-12 14:40:09,390 exception 135 Internal Server Error: /register/
Traceback (most recent call last):
  File "C:\Users\sweet\AppData\Roaming\Python\Python36\site-packages\django\core\handlers\exception.py", line 41, in inner
    response = get_response(request)
  File "C:\Users\sweet\AppData\Roaming\Python\Python36\site-packages\django\core\handlers\base.py", line 187, in _get_response
    response = self.process_exception_by_middleware(e, request)
  File "C:\Users\sweet\AppData\Roaming\Python\Python36\site-packages\django\core\handlers\base.py", line 185, in _get_response
    response = wrapped_callback(request, *callback_args, **callback_kwargs)
  File "C:\Users\sweet\AppData\Roaming\Python\Python36\site-packages\django\views\generic\base.py", line 68, in view
    return self.dispatch(request, *args, **kwargs)
  File "C:\Users\sweet\AppData\Roaming\Python\Python36\site-packages\django\views\generic\base.py", line 88, in dispatch
    return handler(request, *args, **kwargs)
  File "D:\d\meiduo_mall\meiduo_mall\apps\users\views.py", line 34, in post
    if not re.match('^[0-9a-zA-Z]${8,20}$', password):
  File "D:\python3.6\lib\re.py", line 172, in match
    return _compile(pattern, flags).match(string)
  File "D:\python3.6\lib\re.py", line 301, in _compile
    p = sre_compile.compile(pattern, flags)
  File "D:\python3.6\lib\sre_compile.py", line 562, in compile
    p = sre_parse.parse(p, flags)
  File "D:\python3.6\lib\sre_parse.py", line 855, in parse
    p = _parse_sub(source, pattern, flags & SRE_FLAG_VERBOSE, 0)
  File "D:\python3.6\lib\sre_parse.py", line 416, in _parse_sub
    not nested and not items))
  File "D:\python3.6\lib\sre_parse.py", line 616, in _parse
    source.tell() - here + len(this))
sre_constants.error: nothing to repeat at position 13
ERROR 2020-07-12 14:40:09,437 basehttp 124 "POST /register/ HTTP/1.1" 500 110088
ERROR 2020-07-12 14:40:10,308 exception 135 Internal Server Error: /register/
Traceback (most recent call last):
  File "C:\Users\sweet\AppData\Roaming\Python\Python36\site-packages\django\core\handlers\exception.py", line 41, in inner
    response = get_response(request)
  File "C:\Users\sweet\AppData\Roaming\Python\Python36\site-packages\django\core\handlers\base.py", line 187, in _get_response
    response = self.process_exception_by_middleware(e, request)
  File "C:\Users\sweet\AppData\Roaming\Python\Python36\site-packages\django\core\handlers\base.py", line 185, in _get_response
    response = wrapped_callback(request, *callback_args, **callback_kwargs)
  File "C:\Users\sweet\AppData\Roaming\Python\Python36\site-packages\django\views\generic\base.py", line 68, in view
    return self.dispatch(request, *args, **kwargs)
  File "C:\Users\sweet\AppData\Roaming\Python\Python36\site-packages\django\views\generic\base.py", line 88, in dispatch
    return handler(request, *args, **kwargs)
  File "D:\d\meiduo_mall\meiduo_mall\apps\users\views.py", line 34, in post
    if not re.match('^[0-9a-zA-Z]${8,20}$', password):
  File "D:\python3.6\lib\re.py", line 172, in match
    return _compile(pattern, flags).match(string)
  File "D:\python3.6\lib\re.py", line 301, in _compile
    p = sre_compile.compile(pattern, flags)
  File "D:\python3.6\lib\sre_compile.py", line 562, in compile
    p = sre_parse.parse(p, flags)
  File "D:\python3.6\lib\sre_parse.py", line 855, in parse
    p = _parse_sub(source, pattern, flags & SRE_FLAG_VERBOSE, 0)
  File "D:\python3.6\lib\sre_parse.py", line 416, in _parse_sub
    not nested and not items))
  File "D:\python3.6\lib\sre_parse.py", line 616, in _parse
    source.tell() - here + len(this))
sre_constants.error: nothing to repeat at position 13
ERROR 2020-07-12 14:40:10,372 basehttp 124 "POST /register/ HTTP/1.1" 500 110088
WARNING 2020-07-12 14:40:13,207 basehttp 124 "GET /static/js/axios.min.map HTTP/1.1" 404 1661
INFO 2020-07-12 14:40:13,257 basehttp 124 "GET /image_codes/b29f6b7c-f8d6-40db-844a-bfbf772390e0/ HTTP/1.1" 200 3320
INFO 2020-07-12 14:40:17,227 basehttp 124 "GET /usernames/qq7780891/count/ HTTP/1.1" 200 41
INFO 2020-07-12 14:40:23,413 basehttp 124 "GET /mobiles/13476835211/count/ HTTP/1.1" 200 41
INFO 2020-07-12 14:40:27,794 basehttp 124 "GET /sms_codes/13476835211/?image_code=ITHE&image_code_id=b29f6b7c-f8d6-40db-844a-bfbf772390e0 HTTP/1.1" 200 29
INFO 2020-07-12 14:40:27,796 basehttp 124 "GET /mobiles/13476835211/count/ HTTP/1.1" 200 41
INFO 2020-07-12 14:40:36,229 basehttp 124 "GET /usernames/qq7780891/count/ HTTP/1.1" 200 41
INFO 2020-07-12 14:40:36,242 basehttp 124 "GET /mobiles/13476835211/count/ HTTP/1.1" 200 41
ERROR 2020-07-12 14:40:36,252 exception 135 Internal Server Error: /register/
Traceback (most recent call last):
  File "C:\Users\sweet\AppData\Roaming\Python\Python36\site-packages\django\core\handlers\exception.py", line 41, in inner
    response = get_response(request)
  File "C:\Users\sweet\AppData\Roaming\Python\Python36\site-packages\django\core\handlers\base.py", line 187, in _get_response
    response = self.process_exception_by_middleware(e, request)
  File "C:\Users\sweet\AppData\Roaming\Python\Python36\site-packages\django\core\handlers\base.py", line 185, in _get_response
    response = wrapped_callback(request, *callback_args, **callback_kwargs)
  File "C:\Users\sweet\AppData\Roaming\Python\Python36\site-packages\django\views\generic\base.py", line 68, in view
    return self.dispatch(request, *args, **kwargs)
  File "C:\Users\sweet\AppData\Roaming\Python\Python36\site-packages\django\views\generic\base.py", line 88, in dispatch
    return handler(request, *args, **kwargs)
  File "D:\d\meiduo_mall\meiduo_mall\apps\users\views.py", line 34, in post
    if not re.match('^[0-9a-zA-Z]${8,20}$', password):
  File "D:\python3.6\lib\re.py", line 172, in match
    return _compile(pattern, flags).match(string)
  File "D:\python3.6\lib\re.py", line 301, in _compile
    p = sre_compile.compile(pattern, flags)
  File "D:\python3.6\lib\sre_compile.py", line 562, in compile
    p = sre_parse.parse(p, flags)
  File "D:\python3.6\lib\sre_parse.py", line 855, in parse
    p = _parse_sub(source, pattern, flags & SRE_FLAG_VERBOSE, 0)
  File "D:\python3.6\lib\sre_parse.py", line 416, in _parse_sub
    not nested and not items))
  File "D:\python3.6\lib\sre_parse.py", line 616, in _parse
    source.tell() - here + len(this))
sre_constants.error: nothing to repeat at position 13
ERROR 2020-07-12 14:40:36,308 basehttp 124 "POST /register/ HTTP/1.1" 500 110053
ERROR 2020-07-12 14:42:25,616 exception 135 Internal Server Error: /register/
Traceback (most recent call last):
  File "C:\Users\sweet\AppData\Roaming\Python\Python36\site-packages\django\core\handlers\exception.py", line 41, in inner
    response = get_response(request)
  File "C:\Users\sweet\AppData\Roaming\Python\Python36\site-packages\django\core\handlers\base.py", line 187, in _get_response
    response = self.process_exception_by_middleware(e, request)
  File "C:\Users\sweet\AppData\Roaming\Python\Python36\site-packages\django\core\handlers\base.py", line 185, in _get_response
    response = wrapped_callback(request, *callback_args, **callback_kwargs)
  File "C:\Users\sweet\AppData\Roaming\Python\Python36\site-packages\django\views\generic\base.py", line 68, in view
    return self.dispatch(request, *args, **kwargs)
  File "C:\Users\sweet\AppData\Roaming\Python\Python36\site-packages\django\views\generic\base.py", line 88, in dispatch
    return handler(request, *args, **kwargs)
  File "D:\d\meiduo_mall\meiduo_mall\apps\users\views.py", line 34, in post
    if not re.match('^[0-9a-zA-Z]${8,20}$', password):
  File "D:\python3.6\lib\re.py", line 172, in match
    return _compile(pattern, flags).match(string)
  File "D:\python3.6\lib\re.py", line 301, in _compile
    p = sre_compile.compile(pattern, flags)
  File "D:\python3.6\lib\sre_compile.py", line 562, in compile
    p = sre_parse.parse(p, flags)
  File "D:\python3.6\lib\sre_parse.py", line 855, in parse
    p = _parse_sub(source, pattern, flags & SRE_FLAG_VERBOSE, 0)
  File "D:\python3.6\lib\sre_parse.py", line 416, in _parse_sub
    not nested and not items))
  File "D:\python3.6\lib\sre_parse.py", line 616, in _parse
    source.tell() - here + len(this))
sre_constants.error: nothing to repeat at position 13
ERROR 2020-07-12 14:42:25,660 basehttp 124 "POST /register/ HTTP/1.1" 500 109480
WARNING 2020-07-12 14:42:26,467 basehttp 124 "GET /static/js/axios.min.map HTTP/1.1" 404 1661
INFO 2020-07-12 14:42:26,499 basehttp 124 "GET /image_codes/7f29157c-2885-49a6-9b91-0a6aa59481d0/ HTTP/1.1" 200 3076
INFO 2020-07-12 14:42:26,692 basehttp 124 "GET /register/ HTTP/1.1" 200 4626
WARNING 2020-07-12 14:42:26,740 basehttp 124 "GET /static/js/axios.min.map HTTP/1.1" 404 1661
INFO 2020-07-12 14:42:26,785 basehttp 124 "GET /image_codes/c2c8a1d0-0dc8-4b38-83d2-bcd565227d1f/ HTTP/1.1" 200 2836
INFO 2020-07-12 14:42:27,367 basehttp 124 "GET /register/ HTTP/1.1" 200 4626
WARNING 2020-07-12 14:42:27,419 basehttp 124 "GET /static/js/axios.min.map HTTP/1.1" 404 1661
INFO 2020-07-12 14:42:27,450 basehttp 124 "GET /image_codes/9c8a0caf-b5a0-4bb0-9d36-14534195fc62/ HTTP/1.1" 200 3377
INFO 2020-07-12 14:42:29,031 basehttp 124 "GET /usernames/qq7780891/count/ HTTP/1.1" 200 41
INFO 2020-07-12 14:42:33,396 basehttp 124 "GET /mobiles/13476835211/count/ HTTP/1.1" 200 41
INFO 2020-07-12 14:42:46,095 basehttp 124 "GET /sms_codes/13476835211/?image_code=SAAN&image_code_id=9c8a0caf-b5a0-4bb0-9d36-14534195fc62 HTTP/1.1" 200 29
INFO 2020-07-12 14:42:46,097 basehttp 124 "GET /mobiles/13476835211/count/ HTTP/1.1" 200 41
INFO 2020-07-12 14:42:54,547 basehttp 124 "GET /usernames/qq7780891/count/ HTTP/1.1" 200 41
INFO 2020-07-12 14:42:54,558 basehttp 124 "GET /mobiles/13476835211/count/ HTTP/1.1" 200 41
ERROR 2020-07-12 14:42:54,560 exception 135 Internal Server Error: /register/
Traceback (most recent call last):
  File "C:\Users\sweet\AppData\Roaming\Python\Python36\site-packages\django\core\handlers\exception.py", line 41, in inner
    response = get_response(request)
  File "C:\Users\sweet\AppData\Roaming\Python\Python36\site-packages\django\core\handlers\base.py", line 187, in _get_response
    response = self.process_exception_by_middleware(e, request)
  File "C:\Users\sweet\AppData\Roaming\Python\Python36\site-packages\django\core\handlers\base.py", line 185, in _get_response
    response = wrapped_callback(request, *callback_args, **callback_kwargs)
  File "C:\Users\sweet\AppData\Roaming\Python\Python36\site-packages\django\views\generic\base.py", line 68, in view
    return self.dispatch(request, *args, **kwargs)
  File "C:\Users\sweet\AppData\Roaming\Python\Python36\site-packages\django\views\generic\base.py", line 88, in dispatch
    return handler(request, *args, **kwargs)
  File "D:\d\meiduo_mall\meiduo_mall\apps\users\views.py", line 34, in post
    if not re.match('^[0-9a-zA-Z]${8,20}$', password):
  File "D:\python3.6\lib\re.py", line 172, in match
    return _compile(pattern, flags).match(string)
  File "D:\python3.6\lib\re.py", line 301, in _compile
    p = sre_compile.compile(pattern, flags)
  File "D:\python3.6\lib\sre_compile.py", line 562, in compile
    p = sre_parse.parse(p, flags)
  File "D:\python3.6\lib\sre_parse.py", line 855, in parse
    p = _parse_sub(source, pattern, flags & SRE_FLAG_VERBOSE, 0)
  File "D:\python3.6\lib\sre_parse.py", line 416, in _parse_sub
    not nested and not items))
  File "D:\python3.6\lib\sre_parse.py", line 616, in _parse
    source.tell() - here + len(this))
sre_constants.error: nothing to repeat at position 13
ERROR 2020-07-12 14:42:54,624 basehttp 124 "POST /register/ HTTP/1.1" 500 109479
WARNING 2020-07-12 14:44:40,627 basehttp 124 "GET /static/js/axios.min.map HTTP/1.1" 404 1661
INFO 2020-07-12 14:44:40,703 basehttp 124 "GET /image_codes/e3066b7d-084a-4970-82d4-3e05867b2eda/ HTTP/1.1" 200 3425
INFO 2020-07-12 14:44:41,024 basehttp 124 "GET /register/ HTTP/1.1" 200 4626
WARNING 2020-07-12 14:44:41,075 basehttp 124 "GET /static/js/axios.min.map HTTP/1.1" 404 1661
INFO 2020-07-12 14:44:41,120 basehttp 124 "GET /image_codes/bbc8443d-bd98-49fb-a10f-8272163ec7c6/ HTTP/1.1" 200 3671
INFO 2020-07-12 14:44:42,485 basehttp 124 "GET /usernames/qq7780891/count/ HTTP/1.1" 200 41
INFO 2020-07-12 14:44:48,022 basehttp 124 "GET /mobiles/13476835211/count/ HTTP/1.1" 200 41
INFO 2020-07-12 14:44:52,479 basehttp 124 "GET /sms_codes/13476835211/?image_code=WB6U&image_code_id=bbc8443d-bd98-49fb-a10f-8272163ec7c6 HTTP/1.1" 200 29
INFO 2020-07-12 14:44:52,481 basehttp 124 "GET /mobiles/13476835211/count/ HTTP/1.1" 200 41
INFO 2020-07-12 14:44:57,838 basehttp 124 "GET /mobiles/13476835211/count/ HTTP/1.1" 200 41
INFO 2020-07-12 14:44:57,847 basehttp 124 "GET /usernames/qq7780891/count/ HTTP/1.1" 200 41
INFO 2020-07-12 14:44:57,893 basehttp 124 "POST /register/ HTTP/1.1" 302 0
